2022-04-28 21:55:09 [INFO] Starting minecraft server version 1.5.2
2022-04-28 21:55:09 [WARNING] To start the server with more ram, launch it as "java -Xmx1024M -Xms1024M -jar minecraft_server.jar"
2022-04-28 21:55:09 [INFO] Loading properties
2022-04-28 21:55:09 [WARNING] server.properties does not exist
2022-04-28 21:55:09 [INFO] Generating new properties file
2022-04-28 21:55:09 [INFO] Default game type: SURVIVAL
2022-04-28 21:55:09 [INFO] Generating keypair
2022-04-28 21:55:09 [INFO] Starting Minecraft server on *:25565
2022-04-28 21:55:10 [INFO] This server is running CraftBukkit version git-Bukkit-1.5.2-R1.0-b2788jnks (MC: 1.5.2) (Implementing API version 1.5.2-R1.0)
2022-04-28 21:55:10 [WARNING] Failed to load operators list: java.io.FileNotFoundException: ./ops.txt (No such file or directory)
2022-04-28 21:55:10 [WARNING] Failed to load white-list: java.io.FileNotFoundException: ./white-list.txt (No such file or directory)
2022-04-28 21:55:10 [INFO] Preparing level "world"
2022-04-28 21:55:10 [INFO] Preparing start region for level 0 (Seed: 615574655626254357)
2022-04-28 21:55:11 [INFO] Preparing spawn area: 12%
2022-04-28 21:55:12 [INFO] Preparing spawn area: 29%
2022-04-28 21:55:13 [INFO] Preparing spawn area: 49%
2022-04-28 21:55:14 [INFO] Preparing spawn area: 74%
2022-04-28 21:55:15 [INFO] Preparing spawn area: 95%
2022-04-28 21:55:15 [INFO] Preparing start region for level 1 (Seed: 615574655626254357)
2022-04-28 21:55:16 [INFO] Preparing spawn area: 12%
2022-04-28 21:55:17 [INFO] Preparing spawn area: 41%
2022-04-28 21:55:18 [INFO] Preparing spawn area: 66%
2022-04-28 21:55:19 [INFO] Preparing spawn area: 95%
2022-04-28 21:55:19 [INFO] Preparing start region for level 2 (Seed: 615574655626254357)
2022-04-28 21:55:20 [INFO] Preparing spawn area: 37%
2022-04-28 21:55:21 [INFO] Preparing spawn area: 87%
2022-04-28 21:55:21 [INFO] Done (11.617s)! For help, type "help" or "?"
2022-04-28 21:58:02 [INFO] Starting minecraft server version 1.5.2
2022-04-28 21:58:02 [WARNING] To start the server with more ram, launch it as "java -Xmx1024M -Xms1024M -jar minecraft_server.jar"
2022-04-28 21:58:02 [INFO] Loading properties
2022-04-28 21:58:02 [INFO] Default game type: SURVIVAL
2022-04-28 21:58:02 [INFO] Generating keypair
2022-04-28 21:58:02 [INFO] Starting Minecraft server on *:25565
2022-04-28 21:58:02 [WARNING] **** FAILED TO BIND TO PORT!
2022-04-28 21:58:02 [WARNING] The exception was: java.net.BindException: Address already in use (Bind failed)
2022-04-28 21:58:02 [WARNING] Perhaps a server is already running on that port?
2022-04-28 21:58:13 [SEVERE] null
java.io.IOException: Input/output error
	at java.io.FileInputStream.readBytes(Native Method)
	at java.io.FileInputStream.read(FileInputStream.java:255)
	at java.io.BufferedInputStream.fill(BufferedInputStream.java:246)
	at java.io.BufferedInputStream.read(BufferedInputStream.java:265)
	at java.io.FilterInputStream.read(FilterInputStream.java:83)
	at org.bukkit.craftbukkit.libs.jline.console.ConsoleReader$1.read(ConsoleReader.java:167)
	at org.bukkit.craftbukkit.libs.jline.internal.InputStreamReader.read(InputStreamReader.java:267)
	at org.bukkit.craftbukkit.libs.jline.internal.InputStreamReader.read(InputStreamReader.java:204)
	at org.bukkit.craftbukkit.libs.jline.console.ConsoleReader.readCharacter(ConsoleReader.java:995)
	at org.bukkit.craftbukkit.libs.jline.console.ConsoleReader.readLine(ConsoleReader.java:1167)
	at net.minecraft.server.v1_5_R3.ThreadCommandReader.run(ThreadCommandReader.java:31)
