2022-04-25 21:26:46 [INFO] Starting minecraft server version 1.5.2
2022-04-25 21:26:47 [WARNING] To start the server with more ram, launch it as "java -Xmx1024M -Xms1024M -jar minecraft_server.jar"
2022-04-25 21:26:47 [INFO] Loading properties
2022-04-25 21:26:47 [INFO] Default game type: SURVIVAL
2022-04-25 21:26:47 [INFO] Generating keypair
2022-04-25 21:26:50 [INFO] Starting Minecraft server on 127.0.0.1:25569
2022-04-25 21:26:51 [INFO] This server is running CraftBukkit version git-Bukkit-1.5.2-R1.0-b2788jnks (MC: 1.5.2) (Implementing API version 1.5.2-R1.0)
2022-04-25 21:26:52 [INFO] Stopping server
2022-04-25 21:27:11 [INFO] Starting minecraft server version 1.5.2
2022-04-25 21:27:11 [WARNING] To start the server with more ram, launch it as "java -Xmx1024M -Xms1024M -jar minecraft_server.jar"
2022-04-25 21:27:11 [INFO] Loading properties
2022-04-25 21:27:11 [INFO] Default game type: SURVIVAL
2022-04-25 21:27:11 [INFO] Generating keypair
2022-04-25 21:27:13 [INFO] Starting Minecraft server on 127.0.0.1:25569
2022-04-25 21:27:15 [INFO] This server is running CraftBukkit version git-Bukkit-1.5.2-R1.0-b2788jnks (MC: 1.5.2) (Implementing API version 1.5.2-R1.0)
2022-04-25 21:27:16 [INFO] [AutoSaver] Loading AutoSaver v2.5
2022-04-25 21:27:16 [WARNING] **** SERVER IS RUNNING IN OFFLINE/INSECURE MODE!
2022-04-25 21:27:16 [WARNING] The server will make no attempt to authenticate usernames. Beware.
2022-04-25 21:27:16 [WARNING] While this makes the game possible to play without internet access, it also opens up the ability for hackers to connect with any username they choose.
2022-04-25 21:27:16 [WARNING] To change this, set "online-mode" to "true" in the server.properties file.
2022-04-25 21:27:16 [INFO] Preparing level "world"
2022-04-25 21:27:18 [INFO] Preparing start region for level 0 (Seed: 1)
2022-04-25 21:27:19 [INFO] Preparing spawn area: 0%
2022-04-25 21:27:20 [INFO] Preparing spawn area: 0%
2022-04-25 21:27:22 [INFO] Preparing spawn area: 0%
2022-04-25 21:27:23 [INFO] Preparing spawn area: 4%
2022-04-25 21:27:24 [INFO] Preparing spawn area: 4%
2022-04-25 21:27:25 [INFO] Preparing spawn area: 4%
2022-04-25 21:27:26 [INFO] Preparing spawn area: 8%
2022-04-25 21:27:27 [INFO] Preparing spawn area: 12%
2022-04-25 21:27:28 [INFO] Preparing spawn area: 12%
2022-04-25 21:27:29 [INFO] Preparing spawn area: 16%
2022-04-25 21:27:30 [INFO] Preparing spawn area: 20%
2022-04-25 21:27:31 [INFO] Preparing spawn area: 20%
2022-04-25 21:27:32 [INFO] Preparing spawn area: 24%
2022-04-25 21:27:33 [INFO] Preparing spawn area: 25%
2022-04-25 21:27:34 [INFO] Preparing spawn area: 29%
2022-04-25 21:27:35 [INFO] Preparing spawn area: 29%
2022-04-25 21:27:36 [INFO] Preparing spawn area: 33%
2022-04-25 21:27:37 [INFO] Preparing spawn area: 33%
2022-04-25 21:27:39 [INFO] Preparing spawn area: 37%
2022-04-25 21:27:40 [INFO] Preparing spawn area: 41%
2022-04-25 21:27:41 [INFO] Preparing spawn area: 41%
2022-04-25 21:27:42 [INFO] Preparing spawn area: 45%
2022-04-25 21:27:43 [INFO] Preparing spawn area: 45%
2022-04-25 21:27:44 [INFO] Preparing spawn area: 49%
2022-04-25 21:27:45 [INFO] Preparing spawn area: 53%
2022-04-25 21:27:46 [INFO] Preparing spawn area: 54%
2022-04-25 21:27:47 [INFO] Preparing spawn area: 58%
2022-04-25 21:27:48 [INFO] Preparing spawn area: 62%
2022-04-25 21:27:49 [INFO] Preparing spawn area: 66%
2022-04-25 21:27:50 [INFO] Preparing spawn area: 66%
2022-04-25 21:27:51 [INFO] Preparing spawn area: 70%
2022-04-25 21:27:52 [INFO] Preparing spawn area: 74%
2022-04-25 21:27:53 [INFO] Preparing spawn area: 78%
2022-04-25 21:27:54 [INFO] Preparing spawn area: 79%
2022-04-25 21:27:55 [INFO] Preparing spawn area: 83%
2022-04-25 21:27:56 [INFO] Preparing spawn area: 87%
2022-04-25 21:27:57 [INFO] Preparing spawn area: 87%
2022-04-25 21:27:58 [INFO] Preparing spawn area: 91%
2022-04-25 21:27:59 [INFO] Preparing spawn area: 95%
2022-04-25 21:28:00 [INFO] Preparing spawn area: 99%
2022-04-25 21:28:01 [INFO] Preparing spawn area: 99%
2022-04-25 21:28:02 [INFO] Preparing start region for level 1 (Seed: 1)
2022-04-25 21:28:03 [INFO] Preparing spawn area: 0%
2022-04-25 21:28:04 [INFO] Preparing spawn area: 0%
2022-04-25 21:28:05 [INFO] Preparing spawn area: 4%
2022-04-25 21:28:06 [INFO] Preparing spawn area: 8%
2022-04-25 21:28:07 [INFO] Preparing spawn area: 8%
2022-04-25 21:28:08 [INFO] Preparing spawn area: 12%
2022-04-25 21:28:09 [INFO] Preparing spawn area: 16%
2022-04-25 21:28:10 [INFO] Preparing spawn area: 16%
2022-04-25 21:28:11 [INFO] Preparing spawn area: 16%
2022-04-25 21:28:12 [INFO] Preparing spawn area: 20%
2022-04-25 21:28:13 [INFO] Preparing spawn area: 25%
2022-04-25 21:28:14 [INFO] Preparing spawn area: 29%
2022-04-25 21:28:15 [INFO] Preparing spawn area: 37%
2022-04-25 21:28:16 [INFO] Preparing spawn area: 45%
2022-04-25 21:28:17 [INFO] Preparing spawn area: 49%
2022-04-25 21:28:18 [WARNING] Could not get information about this CraftBukkit version; perhaps you are running a custom one?: IOException
2022-04-25 21:28:18 [INFO] Preparing spawn area: 54%
2022-04-25 21:28:19 [INFO] Preparing spawn area: 62%
2022-04-25 21:28:20 [INFO] Preparing spawn area: 70%
2022-04-25 21:28:21 [INFO] Preparing spawn area: 78%
2022-04-25 21:28:22 [INFO] Preparing spawn area: 83%
2022-04-25 21:28:23 [INFO] Preparing spawn area: 91%
2022-04-25 21:28:24 [INFO] Preparing spawn area: 95%
2022-04-25 21:28:25 [INFO] Preparing start region for level 2 (Seed: 1)
2022-04-25 21:28:26 [INFO] Preparing spawn area: 0%
2022-04-25 21:28:27 [INFO] Preparing spawn area: 4%
2022-04-25 21:28:28 [INFO] Preparing spawn area: 16%
2022-04-25 21:28:29 [INFO] Preparing spawn area: 24%
2022-04-25 21:28:30 [INFO] Preparing spawn area: 33%
2022-04-25 21:28:31 [INFO] Preparing spawn area: 41%
2022-04-25 21:28:32 [INFO] Preparing spawn area: 49%
2022-04-25 21:28:33 [INFO] Preparing spawn area: 54%
2022-04-25 21:28:34 [INFO] Preparing spawn area: 70%
2022-04-25 21:28:35 [INFO] Preparing spawn area: 87%
2022-04-25 21:28:36 [INFO] [AutoSaver] Enabling AutoSaver v2.5
2022-04-25 21:28:36 [INFO] [AutoSaver] [32m is enabled. [0m
2022-04-25 21:28:36 [INFO] Server permissions file permissions.yml is empty, ignoring it
2022-04-25 21:28:36 [INFO] Done (80.512s)! For help, type "help" or "?"
2022-04-25 21:28:39 [INFO] Capitalism[/127.0.0.1:49059] logged in with entity id 319 at ([world] 195.5, 64.0, 261.5)
2022-04-25 21:28:59 [WARNING] Can't keep up! Did the system time change, or is the server overloaded?
2022-04-25 21:29:01 [INFO] Capitalism lost connection: disconnect.endOfStream
2022-04-25 21:29:06 [WARNING] Can't keep up! Did the system time change, or is the server overloaded?
2022-04-25 21:29:20 [WARNING] Could not get latest artifact information: IOException
2022-04-25 21:29:32 [WARNING] Can't keep up! Did the system time change, or is the server overloaded?
2022-04-25 21:37:39 [INFO] Starting minecraft server version 1.5.2
2022-04-25 21:37:39 [WARNING] To start the server with more ram, launch it as "java -Xmx1024M -Xms1024M -jar minecraft_server.jar"
2022-04-25 21:37:39 [INFO] Loading properties
2022-04-25 21:37:39 [INFO] Default game type: SURVIVAL
2022-04-25 21:37:39 [INFO] Generating keypair
2022-04-25 21:37:41 [INFO] Starting Minecraft server on 127.0.0.1:25569
2022-04-25 21:37:43 [INFO] This server is running CraftBukkit version git-Bukkit-1.5.2-R1.0-b2788jnks (MC: 1.5.2) (Implementing API version 1.5.2-R1.0)
2022-04-25 21:37:44 [INFO] [ClearLag] Loading ClearLag v2.3.1
2022-04-25 21:37:44 [INFO] [AutoSaver] Loading AutoSaver v2.5
2022-04-25 21:37:44 [INFO] [LoginSecurity] Loading LoginSecurity v2.0.4
2022-04-25 21:37:44 [WARNING] **** SERVER IS RUNNING IN OFFLINE/INSECURE MODE!
2022-04-25 21:37:44 [WARNING] The server will make no attempt to authenticate usernames. Beware.
2022-04-25 21:37:44 [WARNING] While this makes the game possible to play without internet access, it also opens up the ability for hackers to connect with any username they choose.
2022-04-25 21:37:44 [WARNING] To change this, set "online-mode" to "true" in the server.properties file.
2022-04-25 21:37:45 [INFO] Preparing level "world"
2022-04-25 21:37:46 [INFO] Preparing start region for level 0 (Seed: 1)
2022-04-25 21:37:47 [INFO] Preparing spawn area: 0%
2022-04-25 21:37:48 [INFO] Preparing spawn area: 8%
2022-04-25 21:37:49 [INFO] Preparing spawn area: 20%
2022-04-25 21:37:50 [INFO] Preparing spawn area: 33%
2022-04-25 21:37:51 [INFO] Preparing spawn area: 58%
2022-04-25 21:37:52 [INFO] Preparing spawn area: 78%
2022-04-25 21:37:53 [INFO] Preparing spawn area: 95%
2022-04-25 21:37:53 [INFO] Preparing start region for level 1 (Seed: 1)
2022-04-25 21:37:54 [INFO] Preparing spawn area: 37%
2022-04-25 21:37:55 [INFO] Preparing spawn area: 83%
2022-04-25 21:37:55 [INFO] Preparing start region for level 2 (Seed: 1)
2022-04-25 21:37:56 [INFO] [ClearLag] Enabling ClearLag v2.3.1
2022-04-25 21:37:56 [INFO] [ClearLag] Checking for a new update...
2022-04-25 21:37:56 [WARNING] [ClearLag] Could not reach BukkitDev file stream for update checking. Is dev.bukkit.org offline?
2022-04-25 21:37:56 [INFO] [ClearLag] Update found! Downloading...
2022-04-25 21:37:56 [INFO] [ClearLag] New clearlag will be enabled on restart!
2022-04-25 21:37:56 [INFO] [ClearLag] Config not found. Generating default config.
2022-04-25 21:37:57 [INFO] [ClearLag] ClearLag is now enabled.
2022-04-25 21:37:57 [INFO] [AutoSaver] Enabling AutoSaver v2.5
2022-04-25 21:37:57 [INFO] [AutoSaver] [32m is enabled. [0m
2022-04-25 21:37:57 [INFO] [LoginSecurity] Enabling LoginSecurity v2.0.4
2022-04-25 21:37:57 [INFO] Server permissions file permissions.yml is empty, ignoring it
2022-04-25 21:37:58 [INFO] Done (13.308s)! For help, type "help" or "?"
2022-04-25 21:38:06 [WARNING] Can't keep up! Did the system time change, or is the server overloaded?
2022-04-25 21:38:46 [WARNING] Could not get information about this CraftBukkit version; perhaps you are running a custom one?: IOException
2022-04-25 21:39:47 [WARNING] Could not get latest artifact information: IOException
2022-04-25 21:41:41 [INFO] Capitalism[/127.0.0.1:55955] logged in with entity id 2118 at ([world] 203.56983119616876, 64.0, 267.4167903691227)
2022-04-25 21:41:45 [WARNING] Can't keep up! Did the system time change, or is the server overloaded?
2022-04-25 21:42:07 [WARNING] Can't keep up! Did the system time change, or is the server overloaded?
2022-04-25 21:42:24 [INFO] Capitalism issued server command: /login
2022-04-25 21:42:29 [INFO] Capitalism issued server command: /register 1000
2022-04-25 21:42:32 [INFO] Capitalism issued server command: /logout
2022-04-25 21:42:37 [INFO] Capitalism issued server command: /login 1000
2022-04-25 21:42:39 [INFO] Capitalism issued server command: /logout
2022-04-25 21:42:41 [INFO] Capitalism issued server command: /login 12314
2022-04-25 21:42:43 [INFO] Capitalism issued server command: /login 1000
2022-04-25 21:42:46 [INFO] Capitalism issued server command: /help
2022-04-25 21:43:05 [INFO] Capitalism issued server command: /help 2
2022-04-25 21:43:08 [INFO] [AutoSaver] [32m world and player data has been saved. [0m
2022-04-25 21:43:09 [INFO] Capitalism issued server command: /help 3
2022-04-25 21:43:10 [INFO] Capitalism issued server command: /op
2022-04-25 21:43:18 [INFO] Unknown command. Type "help" for help.[m
2022-04-25 21:43:21 [INFO] CONSOLE: Opped capitalism[m
2022-04-25 21:43:27 [INFO] Capitalism issued server command: /gamemode 1
2022-04-25 21:43:27 [INFO] Capitalism: Set own game mode to CREATIVE mode[m
2022-04-25 21:44:48 [INFO] [0;33;22m[0;31;22m[ClearLag] [0;31;1mWarning Ground items will be removed in one minute![m
2022-04-25 21:45:15 [INFO] Connection reset
2022-04-25 21:45:15 [INFO] Capitalism lost connection: disconnect.quitting
2022-04-25 21:45:48 [INFO] [0;33;22m[0;33;22m[ClearLag] [0;32;1mRemoved 162 Entities![m
2022-04-25 21:48:08 [INFO] [AutoSaver] [32m world and player data has been saved. [0m
2022-04-25 21:51:28 [INFO] [0;33;22m[0;31;22m[ClearLag] [0;31;1mWarning Ground items will be removed in one minute![m
2022-04-25 21:52:28 [INFO] [0;33;22m[0;33;22m[ClearLag] [0;32;1mRemoved 0 Entities![m
2022-04-25 21:53:08 [INFO] [AutoSaver] [32m world and player data has been saved. [0m
2022-04-25 21:58:08 [INFO] [AutoSaver] [32m world and player data has been saved. [0m
2022-04-25 21:58:08 [INFO] [0;33;22m[0;31;22m[ClearLag] [0;31;1mWarning Ground items will be removed in one minute![m
2022-04-25 21:59:08 [INFO] [0;33;22m[0;33;22m[ClearLag] [0;32;1mRemoved 0 Entities![m
2022-04-25 22:03:08 [INFO] [AutoSaver] [32m world and player data has been saved. [0m
2022-04-25 22:04:48 [INFO] [0;33;22m[0;31;22m[ClearLag] [0;31;1mWarning Ground items will be removed in one minute![m
2022-04-25 22:05:48 [INFO] [0;33;22m[0;33;22m[ClearLag] [0;32;1mRemoved 0 Entities![m
2022-04-25 22:08:08 [INFO] [AutoSaver] [32m world and player data has been saved. [0m
2022-04-25 22:09:20 [INFO] Stopping server
2022-04-25 22:09:37 [INFO] Starting minecraft server version 1.5.2
2022-04-25 22:09:37 [WARNING] To start the server with more ram, launch it as "java -Xmx1024M -Xms1024M -jar minecraft_server.jar"
2022-04-25 22:09:37 [INFO] Loading properties
2022-04-25 22:09:37 [INFO] Default game type: SURVIVAL
2022-04-25 22:09:37 [INFO] Generating keypair
2022-04-25 22:09:39 [INFO] Starting Minecraft server on 127.0.0.1:25569
2022-04-25 22:09:41 [INFO] This server is running CraftBukkit version git-Bukkit-1.5.2-R1.0-b2788jnks (MC: 1.5.2) (Implementing API version 1.5.2-R1.0)
2022-04-25 22:09:43 [INFO] [ClearLag] Loading ClearLag v2.3.1
2022-04-25 22:09:43 [INFO] [AutoSaver] Loading AutoSaver v2.5
2022-04-25 22:09:43 [INFO] [LoginSecurity] Loading LoginSecurity v2.0.4
2022-04-25 22:09:43 [WARNING] **** SERVER IS RUNNING IN OFFLINE/INSECURE MODE!
2022-04-25 22:09:43 [WARNING] The server will make no attempt to authenticate usernames. Beware.
2022-04-25 22:09:43 [WARNING] While this makes the game possible to play without internet access, it also opens up the ability for hackers to connect with any username they choose.
2022-04-25 22:09:43 [WARNING] To change this, set "online-mode" to "true" in the server.properties file.
2022-04-25 22:09:43 [INFO] Preparing level "world"
2022-04-25 22:09:44 [INFO] Preparing start region for level 0 (Seed: 1)
2022-04-25 22:09:45 [INFO] Preparing spawn area: 0%
2022-04-25 22:09:46 [INFO] Preparing spawn area: 4%
2022-04-25 22:09:47 [INFO] Preparing spawn area: 16%
2022-04-25 22:09:48 [INFO] Preparing spawn area: 29%
2022-04-25 22:09:49 [INFO] Preparing spawn area: 49%
2022-04-25 22:09:50 [INFO] Preparing spawn area: 70%
2022-04-25 22:09:51 [INFO] Preparing start region for level 1 (Seed: 1)
2022-04-25 22:09:51 [INFO] Preparing spawn area: 0%
2022-04-25 22:09:52 [INFO] Preparing spawn area: 24%
2022-04-25 22:09:53 [INFO] Preparing spawn area: 54%
2022-04-25 22:09:54 [INFO] Preparing spawn area: 95%
2022-04-25 22:09:54 [INFO] Preparing start region for level 2 (Seed: 1)
2022-04-25 22:09:55 [INFO] Preparing spawn area: 24%
2022-04-25 22:09:56 [INFO] [ClearLag] Enabling ClearLag v2.3.1
2022-04-25 22:09:57 [INFO] [ClearLag] Checking for a new update...
2022-04-25 22:09:57 [WARNING] [ClearLag] Could not reach BukkitDev file stream for update checking. Is dev.bukkit.org offline?
2022-04-25 22:09:57 [INFO] [ClearLag] Update found! Downloading...
2022-04-25 22:09:57 [INFO] [ClearLag] New clearlag will be enabled on restart!
2022-04-25 22:09:57 [INFO] [ClearLag] ClearLag is now enabled.
2022-04-25 22:09:57 [INFO] [AutoSaver] Enabling AutoSaver v2.5
2022-04-25 22:09:57 [INFO] [AutoSaver] [32m is enabled. [0m
2022-04-25 22:09:57 [INFO] [LoginSecurity] Enabling LoginSecurity v2.0.4
2022-04-25 22:09:58 [INFO] Server permissions file permissions.yml is empty, ignoring it
2022-04-25 22:09:59 [INFO] Done (15.754s)! For help, type "help" or "?"
2022-04-25 22:10:09 [WARNING] Can't keep up! Did the system time change, or is the server overloaded?
2022-04-25 22:10:55 [INFO] Starting minecraft server version 1.5.2
2022-04-25 22:10:55 [WARNING] To start the server with more ram, launch it as "java -Xmx1024M -Xms1024M -jar minecraft_server.jar"
2022-04-25 22:10:55 [INFO] Loading properties
2022-04-25 22:10:55 [INFO] Default game type: SURVIVAL
2022-04-25 22:10:55 [INFO] Generating keypair
2022-04-25 22:10:57 [INFO] Starting Minecraft server on 127.0.0.1:25569
2022-04-25 22:10:59 [INFO] This server is running CraftBukkit version git-Bukkit-1.5.2-R1.0-b2788jnks (MC: 1.5.2) (Implementing API version 1.5.2-R1.0)
2022-04-25 22:11:01 [INFO] [ClearLag] Loading ClearLag v2.3.1
2022-04-25 22:11:01 [INFO] [AutoSaver] Loading AutoSaver v2.5
2022-04-25 22:11:01 [INFO] [LoginSecurity] Loading LoginSecurity v2.0.4
2022-04-25 22:11:01 [WARNING] **** SERVER IS RUNNING IN OFFLINE/INSECURE MODE!
2022-04-25 22:11:01 [WARNING] The server will make no attempt to authenticate usernames. Beware.
2022-04-25 22:11:01 [WARNING] While this makes the game possible to play without internet access, it also opens up the ability for hackers to connect with any username they choose.
2022-04-25 22:11:01 [WARNING] To change this, set "online-mode" to "true" in the server.properties file.
2022-04-25 22:11:02 [INFO] Preparing level "world"
2022-04-25 22:11:03 [INFO] Preparing start region for level 0 (Seed: 1)
2022-04-25 22:11:04 [INFO] Preparing spawn area: 0%
2022-04-25 22:11:05 [INFO] Preparing spawn area: 4%
2022-04-25 22:11:06 [INFO] Preparing spawn area: 16%
2022-04-25 22:11:07 [INFO] Preparing spawn area: 33%
2022-04-25 22:11:08 [INFO] Preparing spawn area: 49%
2022-04-25 22:11:09 [INFO] Preparing spawn area: 62%
2022-04-25 22:11:10 [INFO] Preparing spawn area: 87%
2022-04-25 22:11:10 [INFO] Preparing start region for level 1 (Seed: 1)
2022-04-25 22:11:11 [INFO] Preparing spawn area: 4%
2022-04-25 22:11:12 [INFO] Preparing spawn area: 49%
2022-04-25 22:11:13 [INFO] Preparing spawn area: 95%
2022-04-25 22:11:13 [INFO] Preparing start region for level 2 (Seed: 1)
2022-04-25 22:11:14 [INFO] Preparing spawn area: 33%
2022-04-25 22:11:15 [INFO] [ClearLag] Enabling ClearLag v2.3.1
2022-04-25 22:11:15 [INFO] [ClearLag] Checking for a new update...
2022-04-25 22:11:15 [WARNING] [ClearLag] Could not reach BukkitDev file stream for update checking. Is dev.bukkit.org offline?
2022-04-25 22:11:15 [INFO] [ClearLag] Update found! Downloading...
2022-04-25 22:11:15 [INFO] [ClearLag] New clearlag will be enabled on restart!
2022-04-25 22:11:16 [INFO] [ClearLag] ClearLag is now enabled.
2022-04-25 22:11:16 [INFO] [AutoSaver] Enabling AutoSaver v2.5
2022-04-25 22:11:16 [INFO] [AutoSaver] [32m is enabled. [0m
2022-04-25 22:11:16 [INFO] [LoginSecurity] Enabling LoginSecurity v2.0.4
2022-04-25 22:11:16 [INFO] Server permissions file permissions.yml is empty, ignoring it
2022-04-25 22:11:17 [INFO] Done (15.619s)! For help, type "help" or "?"
2022-04-25 22:11:19 [WARNING] Can't keep up! Did the system time change, or is the server overloaded?
2022-04-25 22:11:38 [WARNING] Can't keep up! Did the system time change, or is the server overloaded?
2022-04-25 22:12:02 [WARNING] Could not get information about this CraftBukkit version; perhaps you are running a custom one?: IOException
2022-04-25 22:12:35 [INFO] Capitalism[/127.0.0.1:33145] logged in with entity id 444 at ([world] 222.69999998807907, 68.61492624495753, 261.6444535240843)
2022-04-25 22:12:38 [WARNING] Can't keep up! Did the system time change, or is the server overloaded?
2022-04-25 22:12:47 [INFO] Capitalism issued server command: /login 1111
2022-04-25 22:13:01 [INFO] You must be a player[m
2022-04-25 22:13:05 [WARNING] Could not get latest artifact information: IOException
2022-04-25 22:13:10 [INFO] [0;33;1m--------- [0;37;1mHelp: Index [0;33;1m---------------------------[m
2022-04-25 22:13:10 [INFO] [0;37;22mUse /help [n] to get page n of help.[m
2022-04-25 22:13:10 [INFO] [0;33;22mAliases: [0;37;1mLists command aliases[m
2022-04-25 22:13:10 [INFO] [0;33;22mAutoSaver: [0;37;1mAll commands for AutoSaver[m
2022-04-25 22:13:10 [INFO] [0;33;22mBukkit: [0;37;1mAll commands for Bukkit[m
2022-04-25 22:13:10 [INFO] [0;33;22mClearLag: [0;37;1mAll commands for ClearLag[m
2022-04-25 22:13:10 [INFO] [0;33;22mLoginSecurity: [0;37;1mAll commands for LoginSecurity[m
2022-04-25 22:13:10 [INFO] [0;33;22m/autosave: [0;37;1mSaves the server on specified intervals.[m
2022-04-25 22:13:10 [INFO] [0;33;22m/ban: [0;37;1mPrevents the specified player from using this server[m
2022-04-25 22:13:10 [INFO] [0;33;22m/ban-ip: [0;37;1mPrevents the specified IP address from using this server[m
2022-04-25 22:13:10 [INFO] [0;33;22m/banlist: [0;37;1mView all players banned from this server[m
2022-04-25 22:13:10 [INFO] [0;33;22m/changepass: [0;37;1mChange the password for your account.[m
2022-04-25 22:13:10 [INFO] [0;33;22m/clear: [0;37;1mClears the player's inventory. Can specify item and data filters too.[m
2022-04-25 22:13:10 [INFO] [0;33;22m/defaultgamemode: [0;37;1mSet the default gamemode[m
2022-04-25 22:13:10 [INFO] [0;33;22m/deop: [0;37;1mTakes the specified player's operator status[m
2022-04-25 22:13:10 [INFO] [0;33;22m/difficulty: [0;37;1mSets the game difficulty[m
2022-04-25 22:13:10 [INFO] [0;33;22m/effect: [0;37;1mAdds/Removes effects on players[m
2022-04-25 22:13:10 [INFO] [0;33;22m/enchant: [0;37;1mAdds enchantments to the item the player is currently holding. Specify 0 for the level to remove an enchantment. Specify force to ignore normal enchantment restrictions[m
2022-04-25 22:13:10 [INFO] [0;33;22m/gamemode: [0;37;1mChanges the player to a specific game mode[m
2022-04-25 22:13:10 [INFO] [0;33;22m/gamerule: [0;37;1mSets a server's game rules[m
2022-04-25 22:13:10 [INFO] [0;33;22m/give: [0;37;1mGives the specified player a certain amount of items[m
2022-04-25 22:13:10 [INFO] [0;33;22m/help: [0;37;1mShows the help menu[m
2022-04-25 22:13:10 [INFO] [0;33;22m/kick: [0;37;1mRemoves the specified player from the server[m
2022-04-25 22:13:10 [INFO] [0;33;22m/kill: [0;37;1mCommits suicide, only usable as a player[m
2022-04-25 22:13:10 [INFO] [0;33;22m/lac: [0;37;1mLoginSecurity Admind command.[m
2022-04-25 22:13:10 [INFO] [0;33;22m/lagg: [0;37;1mClearlag base command![m
2022-04-25 22:13:10 [INFO] [0;33;22m/list: [0;37;1mLists all online players[m
2022-04-25 22:13:10 [INFO] [0;33;22m/login: [0;37;1mLogin with your account.[m
2022-04-25 22:13:10 [INFO] [0;33;22m/logout: [0;37;1mLogout.[m
2022-04-25 22:13:10 [INFO] [0;33;22m/me: [0;37;1mPerforms the specified action in chat[m
2022-04-25 22:13:10 [INFO] [0;33;22m/op: [0;37;1mGives the specified player operator status[m
2022-04-25 22:13:10 [INFO] [0;33;22m/pardon: [0;37;1mAllows the specified player to use this server[m
2022-04-25 22:13:10 [INFO] [0;33;22m/pardon-ip: [0;37;1mAllows the specified IP address to use this server[m
2022-04-25 22:13:10 [INFO] [0;33;22m/plugins: [0;37;1mGets a list of plugins running on the server[m
2022-04-25 22:13:10 [INFO] [0;33;22m/register: [0;37;1mSet a password for your account.[m
2022-04-25 22:13:10 [INFO] [0;33;22m/reload: [0;37;1mReloads the server configuration and plugins[m
2022-04-25 22:13:10 [INFO] [0;33;22m/rmpass: [0;37;1mRemove your password.[m
2022-04-25 22:13:10 [INFO] [0;33;22m/save-all: [0;37;1mSaves the server to disk[m
2022-04-25 22:13:10 [INFO] [0;33;22m/save-off: [0;37;1mDisables server autosaving[m
2022-04-25 22:13:10 [INFO] [0;33;22m/save-on: [0;37;1mEnables server autosaving[m
2022-04-25 22:13:10 [INFO] [0;33;22m/say: [0;37;1mBroadcasts the given message as the console[m
2022-04-25 22:13:10 [INFO] [0;33;22m/scoreboard: [0;37;1mScoreboard control[m
2022-04-25 22:13:10 [INFO] [0;33;22m/seed: [0;37;1mShows the world seed[m
2022-04-25 22:13:10 [INFO] [0;33;22m/spawnpoint: [0;37;1mSets a player's spawn point[m
2022-04-25 22:13:10 [INFO] [0;33;22m/stop: [0;37;1mStops the server with optional reason[m
2022-04-25 22:13:10 [INFO] [0;33;22m/tell: [0;37;1mSends a private message to the given player[m
2022-04-25 22:13:10 [INFO] [0;33;22m/testfor: [0;37;1mTests whether a specifed player is online[m
2022-04-25 22:13:10 [INFO] [0;33;22m/time: [0;37;1mChanges the time on each world[m
2022-04-25 22:13:10 [INFO] [0;33;22m/timings: [0;37;1mRecords timings for all plugin events[m
2022-04-25 22:13:10 [INFO] [0;33;22m/toggledownfall: [0;37;1mToggles rain on/off on a given world[m
2022-04-25 22:13:10 [INFO] [0;33;22m/tp: [0;37;1mTeleports the given player (or yourself) to another player or coordinates[m
2022-04-25 22:13:10 [INFO] [0;33;22m/version: [0;37;1mGets the version of this server including any plugins in use[m
2022-04-25 22:13:10 [INFO] [0;33;22m/weather: [0;37;1mChanges the weather[m
2022-04-25 22:13:10 [INFO] [0;33;22m/whitelist: [0;37;1mManages the list of players allowed to use this server[m
2022-04-25 22:13:10 [INFO] [0;33;22m/xp: [0;37;1mGives the specified player a certain amount of experience. Specify <amount>L to give levels instead, with a negative amount resulting in taking levels.[m
2022-04-25 22:13:23 [INFO] [0;33;1m--------- [0;37;1mHelp: LoginSecurity [0;33;1m-------------------[m
2022-04-25 22:13:23 [INFO] [0;37;22mBelow is a list of all LoginSecurity commands:[m
2022-04-25 22:13:23 [INFO] [0;33;22m/changepass: [0;37;1mChange the password for your account.[m
2022-04-25 22:13:23 [INFO] [0;33;22m/lac: [0;37;1mLoginSecurity Admind command.[m
2022-04-25 22:13:23 [INFO] [0;33;22m/login: [0;37;1mLogin with your account.[m
2022-04-25 22:13:23 [INFO] [0;33;22m/logout: [0;37;1mLogout.[m
2022-04-25 22:13:23 [INFO] [0;33;22m/register: [0;37;1mSet a password for your account.[m
2022-04-25 22:13:23 [INFO] [0;33;22m/rmpass: [0;37;1mRemove your password.[m
2022-04-25 22:14:19 [INFO] You must be a player[m
2022-04-25 22:14:22 [INFO] You must be a player[m
2022-04-25 22:14:28 [INFO] [0;37;22m============-{ [0;31;22m[21mL[0;32;1moginSecurity [0;31;22m[21mA[0;32;1mdmin [0;31;22m[21mC[0;32;1mommand [0;37;22m}-============[m
2022-04-25 22:14:28 [INFO] [0;32;1m/lac rmpass <user>[m
2022-04-25 22:14:28 [INFO] [0;32;1m/lac reload[m
2022-04-25 22:14:36 [INFO] [0;31;1mInvalid username[m
2022-04-25 22:14:41 [INFO] [0;32;1mRemoved user from accounts database![m
2022-04-25 22:14:47 [INFO] Capitalism[/127.0.0.1:54315] logged in with entity id 911 at ([world] 222.69999998807907, 68.61492624495753, 261.6444535240843)
2022-04-25 22:14:53 [INFO] Capitalism[/127.0.0.1:56951] logged in with entity id 1065 at ([world] 222.69999998807907, 68.61492624495753, 261.6444535240843)
2022-04-25 22:15:06 [INFO] [0;32;1mPlugin config reloaded![m
2022-04-25 22:15:13 [INFO] Capitalism[/127.0.0.1:55203] logged in with entity id 1198 at ([world] 222.69999998807907, 68.61492624495753, 261.6444535240843)
2022-04-25 22:15:16 [INFO] Capitalism[/127.0.0.1:43713] logged in with entity id 1317 at ([world] 222.69999998807907, 68.61492624495753, 261.6444535240843)
2022-04-25 22:15:27 [INFO] Stopping server
2022-04-25 22:15:27 [INFO] [LoginSecurity] Disabling LoginSecurity v2.0.4
2022-04-25 22:15:50 [INFO] Starting minecraft server version 1.5.2
2022-04-25 22:15:50 [WARNING] To start the server with more ram, launch it as "java -Xmx1024M -Xms1024M -jar minecraft_server.jar"
2022-04-25 22:15:50 [INFO] Loading properties
2022-04-25 22:15:50 [INFO] Default game type: SURVIVAL
2022-04-25 22:15:50 [INFO] Generating keypair
2022-04-25 22:15:52 [INFO] Starting Minecraft server on 127.0.0.1:25569
2022-04-25 22:15:54 [INFO] This server is running CraftBukkit version git-Bukkit-1.5.2-R1.0-b2788jnks (MC: 1.5.2) (Implementing API version 1.5.2-R1.0)
2022-04-25 22:15:55 [INFO] [ClearLag] Loading ClearLag v2.3.1
2022-04-25 22:15:56 [INFO] [AutoSaver] Loading AutoSaver v2.5
2022-04-25 22:15:56 [INFO] [LoginSecurity] Loading LoginSecurity v2.0.4
2022-04-25 22:15:56 [WARNING] **** SERVER IS RUNNING IN OFFLINE/INSECURE MODE!
2022-04-25 22:15:56 [WARNING] The server will make no attempt to authenticate usernames. Beware.
2022-04-25 22:15:56 [WARNING] While this makes the game possible to play without internet access, it also opens up the ability for hackers to connect with any username they choose.
2022-04-25 22:15:56 [WARNING] To change this, set "online-mode" to "true" in the server.properties file.
2022-04-25 22:15:56 [INFO] Preparing level "world"
2022-04-25 22:15:57 [INFO] Preparing start region for level 0 (Seed: 1)
2022-04-25 22:15:58 [INFO] Preparing spawn area: 0%
2022-04-25 22:15:59 [INFO] Preparing spawn area: 4%
2022-04-25 22:16:00 [INFO] Preparing spawn area: 16%
2022-04-25 22:16:01 [INFO] Preparing spawn area: 29%
2022-04-25 22:16:02 [INFO] Preparing spawn area: 49%
2022-04-25 22:16:03 [INFO] Preparing spawn area: 66%
2022-04-25 22:16:04 [INFO] Preparing spawn area: 74%
2022-04-25 22:16:05 [INFO] Preparing spawn area: 95%
2022-04-25 22:16:06 [INFO] Preparing start region for level 1 (Seed: 1)
2022-04-25 22:16:07 [INFO] Preparing spawn area: 12%
2022-04-25 22:16:08 [INFO] Preparing spawn area: 41%
2022-04-25 22:16:09 [INFO] Preparing spawn area: 74%
2022-04-25 22:16:09 [INFO] Preparing start region for level 2 (Seed: 1)
2022-04-25 22:16:10 [INFO] Preparing spawn area: 20%
2022-04-25 22:16:11 [INFO] Preparing spawn area: 74%
2022-04-25 22:16:11 [INFO] [ClearLag] Enabling ClearLag v2.3.1
2022-04-25 22:16:11 [INFO] [ClearLag] Checking for a new update...
2022-04-25 22:16:11 [WARNING] [ClearLag] Could not reach BukkitDev file stream for update checking. Is dev.bukkit.org offline?
2022-04-25 22:16:11 [INFO] [ClearLag] Update found! Downloading...
2022-04-25 22:16:12 [INFO] [ClearLag] New clearlag will be enabled on restart!
2022-04-25 22:16:12 [INFO] [ClearLag] ClearLag is now enabled.
2022-04-25 22:16:12 [INFO] [AutoSaver] Enabling AutoSaver v2.5
2022-04-25 22:16:12 [INFO] [AutoSaver] [32m is enabled. [0m
2022-04-25 22:16:12 [INFO] [LoginSecurity] Enabling LoginSecurity v2.0.4
2022-04-25 22:16:12 [INFO] Server permissions file permissions.yml is empty, ignoring it
2022-04-25 22:16:13 [INFO] Done (17.157s)! For help, type "help" or "?"
2022-04-25 22:16:19 [WARNING] Can't keep up! Did the system time change, or is the server overloaded?
2022-04-25 22:16:58 [WARNING] Could not get information about this CraftBukkit version; perhaps you are running a custom one?: IOException
2022-04-25 22:17:35 [INFO] Stopping server
2022-04-25 22:17:35 [INFO] [LoginSecurity] Disabling LoginSecurity v2.0.4
2022-04-25 22:17:56 [INFO] Starting minecraft server version 1.5.2
2022-04-25 22:17:56 [WARNING] To start the server with more ram, launch it as "java -Xmx1024M -Xms1024M -jar minecraft_server.jar"
2022-04-25 22:17:56 [INFO] Loading properties
2022-04-25 22:17:56 [INFO] Default game type: SURVIVAL
2022-04-25 22:17:56 [INFO] Generating keypair
2022-04-25 22:17:59 [INFO] Starting Minecraft server on 127.0.0.1:25569
2022-04-25 22:18:01 [INFO] This server is running CraftBukkit version git-Bukkit-1.5.2-R1.0-b2788jnks (MC: 1.5.2) (Implementing API version 1.5.2-R1.0)
2022-04-25 22:18:02 [INFO] [ClearLag] Loading ClearLag v2.3.1
2022-04-25 22:18:02 [INFO] [AutoSaver] Loading AutoSaver v2.5
2022-04-25 22:18:02 [INFO] [LoginSecurity] Loading LoginSecurity v2.0.4
2022-04-25 22:18:02 [WARNING] **** SERVER IS RUNNING IN OFFLINE/INSECURE MODE!
2022-04-25 22:18:02 [WARNING] The server will make no attempt to authenticate usernames. Beware.
2022-04-25 22:18:02 [WARNING] While this makes the game possible to play without internet access, it also opens up the ability for hackers to connect with any username they choose.
2022-04-25 22:18:02 [WARNING] To change this, set "online-mode" to "true" in the server.properties file.
2022-04-25 22:18:02 [INFO] Preparing level "world"
2022-04-25 22:18:03 [INFO] Preparing start region for level 0 (Seed: 1)
2022-04-25 22:18:04 [INFO] Preparing spawn area: 0%
2022-04-25 22:18:05 [INFO] Preparing spawn area: 8%
2022-04-25 22:18:06 [INFO] Preparing spawn area: 20%
2022-04-25 22:18:07 [INFO] Preparing spawn area: 37%
2022-04-25 22:18:08 [INFO] Preparing spawn area: 62%
2022-04-25 22:18:09 [INFO] Preparing spawn area: 87%
2022-04-25 22:18:10 [INFO] Preparing start region for level 1 (Seed: 1)
2022-04-25 22:18:10 [INFO] Preparing spawn area: 20%
2022-04-25 22:18:11 [INFO] Preparing spawn area: 58%
2022-04-25 22:18:12 [INFO] Preparing start region for level 2 (Seed: 1)
2022-04-25 22:18:12 [INFO] Preparing spawn area: 20%
2022-04-25 22:18:13 [INFO] Preparing spawn area: 54%
2022-04-25 22:18:14 [INFO] [ClearLag] Enabling ClearLag v2.3.1
2022-04-25 22:18:14 [INFO] [ClearLag] Checking for a new update...
2022-04-25 22:18:14 [WARNING] [ClearLag] Could not reach BukkitDev file stream for update checking. Is dev.bukkit.org offline?
2022-04-25 22:18:14 [INFO] [ClearLag] Update found! Downloading...
2022-04-25 22:18:14 [INFO] [ClearLag] New clearlag will be enabled on restart!
2022-04-25 22:18:15 [INFO] [ClearLag] ClearLag is now enabled.
2022-04-25 22:18:15 [INFO] [AutoSaver] Enabling AutoSaver v2.5
2022-04-25 22:18:15 [INFO] [AutoSaver] [32m is enabled. [0m
2022-04-25 22:18:15 [INFO] [LoginSecurity] Enabling LoginSecurity v2.0.4
2022-04-25 22:18:16 [INFO] Server permissions file permissions.yml is empty, ignoring it
2022-04-25 22:18:16 [INFO] Done (13.970s)! For help, type "help" or "?"
2022-04-25 22:18:28 [WARNING] Can't keep up! Did the system time change, or is the server overloaded?
2022-04-25 22:18:53 [INFO] Capitalism[/127.0.0.1:46933] logged in with entity id 476 at ([world] 222.69999998807907, 68.61492624495753, 261.6444535240843)
2022-04-25 22:19:11 [WARNING] Could not get information about this CraftBukkit version; perhaps you are running a custom one?: IOException
2022-04-25 22:19:38 [INFO] Starting minecraft server version 1.5.2
2022-04-25 22:19:38 [WARNING] To start the server with more ram, launch it as "java -Xmx1024M -Xms1024M -jar minecraft_server.jar"
2022-04-25 22:19:38 [INFO] Loading properties
2022-04-25 22:19:38 [INFO] Default game type: SURVIVAL
2022-04-25 22:19:38 [INFO] Generating keypair
2022-04-25 22:19:41 [INFO] Starting Minecraft server on 127.0.0.1:25569
2022-04-25 22:19:43 [INFO] This server is running CraftBukkit version git-Bukkit-1.5.2-R1.0-b2788jnks (MC: 1.5.2) (Implementing API version 1.5.2-R1.0)
2022-04-25 22:19:43 [INFO] [ClearLag] Loading ClearLag v2.3.1
2022-04-25 22:19:43 [INFO] [AutoSaver] Loading AutoSaver v2.5
2022-04-25 22:19:43 [INFO] [LoginSecurity] Loading LoginSecurity v2.0.4
2022-04-25 22:19:44 [WARNING] **** SERVER IS RUNNING IN OFFLINE/INSECURE MODE!
2022-04-25 22:19:44 [WARNING] The server will make no attempt to authenticate usernames. Beware.
2022-04-25 22:19:44 [WARNING] While this makes the game possible to play without internet access, it also opens up the ability for hackers to connect with any username they choose.
2022-04-25 22:19:44 [WARNING] To change this, set "online-mode" to "true" in the server.properties file.
2022-04-25 22:19:44 [INFO] Preparing level "world"
2022-04-25 22:19:45 [INFO] Preparing start region for level 0 (Seed: 1)
2022-04-25 22:19:46 [INFO] Preparing spawn area: 0%
2022-04-25 22:19:47 [INFO] Preparing spawn area: 12%
2022-04-25 22:19:48 [INFO] Preparing spawn area: 33%
2022-04-25 22:19:49 [INFO] Preparing spawn area: 58%
2022-04-25 22:19:50 [INFO] Preparing spawn area: 83%
2022-04-25 22:19:50 [INFO] Preparing start region for level 1 (Seed: 1)
2022-04-25 22:19:51 [INFO] Preparing spawn area: 8%
2022-04-25 22:19:52 [INFO] Preparing spawn area: 83%
2022-04-25 22:19:52 [INFO] Preparing start region for level 2 (Seed: 1)
2022-04-25 22:19:53 [INFO] Preparing spawn area: 29%
2022-04-25 22:19:54 [INFO] [ClearLag] Enabling ClearLag v2.3.1
2022-04-25 22:19:54 [INFO] [ClearLag] Checking for a new update...
2022-04-25 22:19:54 [WARNING] [ClearLag] Could not reach BukkitDev file stream for update checking. Is dev.bukkit.org offline?
2022-04-25 22:19:54 [INFO] [ClearLag] Update found! Downloading...
2022-04-25 22:19:54 [INFO] [ClearLag] New clearlag will be enabled on restart!
2022-04-25 22:19:54 [INFO] [ClearLag] ClearLag is now enabled.
2022-04-25 22:19:54 [INFO] [AutoSaver] Enabling AutoSaver v2.5
2022-04-25 22:19:54 [INFO] [AutoSaver] [32m is enabled. [0m
2022-04-25 22:19:54 [INFO] [LoginSecurity] Enabling LoginSecurity v2.0.4
2022-04-25 22:19:55 [INFO] Server permissions file permissions.yml is empty, ignoring it
2022-04-25 22:19:55 [INFO] Done (11.326s)! For help, type "help" or "?"
2022-04-25 22:20:00 [WARNING] Can't keep up! Did the system time change, or is the server overloaded?
2022-04-25 22:20:16 [WARNING] Can't keep up! Did the system time change, or is the server overloaded?
2022-04-25 22:20:45 [WARNING] Could not get information about this CraftBukkit version; perhaps you are running a custom one?: IOException
2022-04-25 22:21:47 [WARNING] Could not get latest artifact information: IOException
2022-04-25 22:24:58 [INFO] [AutoSaver] [32m world and player data has been saved. [0m
2022-04-25 22:26:38 [INFO] [0;33;22m[0;31;22m[ClearLag] [0;31;1mWarning Ground items will be removed in one minute![m
2022-04-25 22:27:38 [INFO] [0;33;22m[0;33;22m[ClearLag] [0;32;1mRemoved 5 Entities![m
2022-04-25 22:29:58 [INFO] [AutoSaver] [32m world and player data has been saved. [0m
2022-04-25 22:33:18 [INFO] [0;33;22m[0;31;22m[ClearLag] [0;31;1mWarning Ground items will be removed in one minute![m
2022-04-25 22:34:18 [INFO] [0;33;22m[0;33;22m[ClearLag] [0;32;1mRemoved 0 Entities![m
2022-04-25 22:34:58 [INFO] [AutoSaver] [32m world and player data has been saved. [0m
2022-04-25 22:39:58 [INFO] [AutoSaver] [32m world and player data has been saved. [0m
2022-04-25 22:39:58 [INFO] [0;33;22m[0;31;22m[ClearLag] [0;31;1mWarning Ground items will be removed in one minute![m
2022-04-25 22:40:58 [INFO] [0;33;22m[0;33;22m[ClearLag] [0;32;1mRemoved 0 Entities![m
2022-04-25 22:44:58 [INFO] [AutoSaver] [32m world and player data has been saved. [0m
2022-04-25 22:46:38 [INFO] [0;33;22m[0;31;22m[ClearLag] [0;31;1mWarning Ground items will be removed in one minute![m
2022-04-25 22:47:38 [INFO] [0;33;22m[0;33;22m[ClearLag] [0;32;1mRemoved 0 Entities![m
2022-04-25 22:49:58 [INFO] [AutoSaver] [32m world and player data has been saved. [0m
2022-04-25 22:53:18 [INFO] [0;33;22m[0;31;22m[ClearLag] [0;31;1mWarning Ground items will be removed in one minute![m
2022-04-25 22:54:18 [INFO] [0;33;22m[0;33;22m[ClearLag] [0;32;1mRemoved 0 Entities![m
2022-04-25 22:54:58 [INFO] [AutoSaver] [32m world and player data has been saved. [0m
2022-04-27 02:01:30 [INFO] Starting minecraft server version 1.5.2
2022-04-27 02:01:31 [WARNING] To start the server with more ram, launch it as "java -Xmx1024M -Xms1024M -jar minecraft_server.jar"
2022-04-27 02:01:31 [INFO] Loading properties
2022-04-27 02:01:31 [INFO] Default game type: SURVIVAL
2022-04-27 02:01:31 [INFO] Generating keypair
2022-04-27 02:01:39 [INFO] Starting Minecraft server on 127.0.0.1:25569
