#
# There is insufficient memory for the Java Runtime Environment to continue.
# Native memory allocation (mmap) failed to map 27385856 bytes for committing reserved memory.
# Possible reasons:
#   The system is out of physical RAM or swap space
#   The process is running with CompressedOops enabled, and the Java Heap may be blocking the growth of the native heap
# Possible solutions:
#   Reduce memory load on the system
#   Increase physical memory or swap space
#   Check if swap backing store is full
#   Decrease Java heap size (-Xmx/-Xms)
#   Decrease number of Java threads
#   Decrease Java thread stack sizes (-Xss)
#   Set larger code cache with -XX:ReservedCodeCacheSize=
#   JVM is running with Unscaled Compressed Oops mode in which the Java heap is
#     placed in the first 4GB address space. The Java Heap base address is the
#     maximum limit for the native heap growth. Please use -XX:HeapBaseMinAddress
#     to set the Java Heap base and to place the Java Heap above 4GB virtual address.
# This output file may be truncated or incomplete.
#
#  Out of Memory Error (os_linux.cpp:2798), pid=39775, tid=0x00007f6d1147a700
#
# JRE version: OpenJDK Runtime Environment (8.0_352-b08) (build 1.8.0_352-8u352-ga-1~20.04-b08)
# Java VM: OpenJDK 64-Bit Server VM (25.352-b08 mixed mode linux-amd64 compressed oops)
# Failed to write core dump. Core dumps have been disabled. To enable core dumping, try "ulimit -c unlimited" before starting Java again
#

---------------  T H R E A D  ---------------

Current thread (0x00007f6d0c095800):  VMThread [stack: 0x00007f6d1137b000,0x00007f6d1147b000] [id=39778]

Stack: [0x00007f6d1137b000,0x00007f6d1147b000],  sp=0x00007f6d114793f0,  free space=1016k
Native frames: (J=compiled Java code, j=interpreted, Vv=VM code, C=native code)
V  [libjvm.so+0xb34b3a]
V  [libjvm.so+0x4ed981]
V  [libjvm.so+0x97decf]
V  [libjvm.so+0x975532]
V  [libjvm.so+0xb31414]
V  [libjvm.so+0x5f8b92]
V  [libjvm.so+0x5f98c5]
V  [libjvm.so+0x5e3945]
V  [libjvm.so+0x5e3fe8]
V  [libjvm.so+0xb359df]
V  [libjvm.so+0xb3c95a]
V  [libjvm.so+0xb3a590]
V  [libjvm.so+0xb3ab94]
V  [libjvm.so+0xb3aed0]
V  [libjvm.so+0x97b270]

VM_Operation (0x00007f6cfc6fcee0): GenCollectFull, mode: safepoint, requested by thread 0x00007f6d0c684800


---------------  P R O C E S S  ---------------

Java Threads: ( => current thread )
  0x00007f6d0c4c4800 JavaThread "Async Chat Thread - #4" daemon [_thread_blocked, id=42362, stack(0x00007f6cd8dc5000,0x00007f6cd8ec6000)]
  0x00007f6cf8186000 JavaThread "process reaper" daemon [_thread_blocked, id=42360, stack(0x00007f6d1088f000,0x00007f6d108c8000)]
  0x00007f6cf0596800 JavaThread "Craft Scheduler Thread - 233" [_thread_blocked, id=42357, stack(0x00007f6cd8ec6000,0x00007f6cd8fc7000)]
  0x00007f6cf0865800 JavaThread "Craft Scheduler Thread - 230" [_thread_blocked, id=42271, stack(0x00007f6cddfd8000,0x00007f6cde0d9000)]
  0x000055d4ca019800 JavaThread "luckperms-worker-15" daemon [_thread_blocked, id=41874, stack(0x00007f6cd90c8000,0x00007f6cd91c9000)]
  0x00007f6d0c4ce800 JavaThread "luckperms-worker-14" daemon [_thread_blocked, id=41873, stack(0x00007f6cdab22000,0x00007f6cdac23000)]
  0x00007f6cf81c5000 JavaThread "luckperms-worker-13" daemon [_thread_blocked, id=41872, stack(0x00007f6cdbe29000,0x00007f6cdbf2a000)]
  0x00007f6ced5c4000 JavaThread "luckperms-worker-12" daemon [_thread_blocked, id=41871, stack(0x00007f6cdba25000,0x00007f6cdbb26000)]
  0x00007f6cf4037000 JavaThread "luckperms-worker-11" daemon [_thread_blocked, id=41870, stack(0x00007f6cda81f000,0x00007f6cda920000)]
  0x00007f6ce8002000 JavaThread "luckperms-worker-10" daemon [_thread_blocked, id=41869, stack(0x00007f6cdaa21000,0x00007f6cdab22000)]
  0x00007f6ce0b7e800 JavaThread "luckperms-worker-9" daemon [_thread_blocked, id=41868, stack(0x00007f6cde3dc000,0x00007f6cde4dd000)]
  0x00007f6d0c549800 JavaThread "Head Conversion Thread - 2" [_thread_blocked, id=41863, stack(0x00007f6cdc3b8000,0x00007f6cdc4b9000)]
  0x00007f6d0c548800 JavaThread "Head Conversion Thread - 1" [_thread_blocked, id=41861, stack(0x00007f6cddcd5000,0x00007f6cdddd6000)]
  0x00007f6d0c40a000 JavaThread "Head Conversion Thread - 0" [_thread_blocked, id=41860, stack(0x00007f6cdf3e8000,0x00007f6cdf4e9000)]
  0x00007f6cf0c9a000 JavaThread "luckperms-command-executor" daemon [_thread_blocked, id=40569, stack(0x00007f6cdc4b9000,0x00007f6cdc5ba000)]
  0x00007f6cf0ab6800 JavaThread "pool-19-thread-1" [_thread_blocked, id=40465, stack(0x00007f6cde2db000,0x00007f6cde3dc000)]
  0x00007f6cf0cb3800 JavaThread "Timer-1" daemon [_thread_blocked, id=40460, stack(0x00007f6cdd0bd000,0x00007f6cdd1be000)]
  0x00007f6cf0caf000 JavaThread "pool-20-thread-1" [_thread_blocked, id=40457, stack(0x00007f6cda920000,0x00007f6cdaa21000)]
  0x00007f6cf0c49800 JavaThread "H2-save" daemon [_thread_blocked, id=40450, stack(0x00007f6cdcfbc000,0x00007f6cdd0bd000)]
  0x00007f6cf4005800 JavaThread "H2-serialization" daemon [_thread_blocked, id=40449, stack(0x00007f6cdcebb000,0x00007f6cdcfbc000)]
  0x00007f6cf0c42800 JavaThread "MVStore background writer /root/eaglercraft-server/server/plugins/LuckPerms/luckperms-h2-v2.mv.db" daemon [_thread_blocked, id=40448, stack(0x00007f6cdd5d4000,0x00007f6cdd6d5000)]
  0x00007f6cf0c07000 JavaThread "Thread-16" daemon [_thread_in_native, id=40447, stack(0x00007f6cde5de000,0x00007f6cde6df000)]
  0x00007f6cf0ba7000 JavaThread "luckperms-scheduler" [_thread_blocked, id=40441, stack(0x00007f6cdddd6000,0x00007f6cdded7000)]
  0x00007f6cf0b47800 JavaThread "luckperms-worker-7" daemon [_thread_blocked, id=40440, stack(0x00007f6cdebe4000,0x00007f6cdece5000)]
  0x00007f6ce8031800 JavaThread "luckperms-worker-8" daemon [_thread_blocked, id=40439, stack(0x00007f6cde6df000,0x00007f6cde7e0000)]
  0x00007f6cf401a800 JavaThread "luckperms-worker-6" daemon [_thread_blocked, id=40438, stack(0x00007f6cde7e0000,0x00007f6cde8e1000)]
  0x00007f6ced38d000 JavaThread "luckperms-worker-5" daemon [_thread_blocked, id=40437, stack(0x00007f6cde8e1000,0x00007f6cde9e2000)]
  0x00007f6cf4003000 JavaThread "luckperms-worker-4" daemon [_thread_blocked, id=40436, stack(0x00007f6cde9e2000,0x00007f6cdeae3000)]
  0x00007f6ce8018800 JavaThread "luckperms-worker-3" daemon [_thread_blocked, id=40435, stack(0x00007f6cdeae3000,0x00007f6cdebe4000)]
  0x00007f6ced38b800 JavaThread "luckperms-worker-2" daemon [_thread_blocked, id=40434, stack(0x00007f6cde4dd000,0x00007f6cde5de000)]
  0x00007f6cf0b48800 JavaThread "luckperms-worker-1" daemon [_thread_blocked, id=40433, stack(0x00007f6cdded7000,0x00007f6cddfd8000)]
  0x00007f6cf0b0a000 JavaThread "luckperms-worker-0" daemon [_thread_blocked, id=40432, stack(0x00007f6cde0d9000,0x00007f6cde1da000)]
  0x00007f6ce094a000 JavaThread "Netty Server IO #3" daemon [_thread_blocked, id=40294, stack(0x00007f6cdf4e9000,0x00007f6cdf5ea000)]
  0x00007f6ce01e1800 JavaThread "Netty Server IO #2" daemon [_thread_blocked, id=40277, stack(0x00007f6cdc7ba000,0x00007f6cdc8bb000)]
  0x00007f6cf0a81800 JavaThread "File IO Thread" [_thread_blocked, id=40275, stack(0x00007f6cdf0e7000,0x00007f6cdf1e8000)]
  0x00007f6cf0a54800 JavaThread "pool-11-thread-1" [_thread_blocked, id=40271, stack(0x00007f6cdeee5000,0x00007f6cdefe6000)]
  0x00007f6cf07a0800 JavaThread "Chunk I/O Executor Thread-2" daemon [_thread_blocked, id=40268, stack(0x00007f6cdefe6000,0x00007f6cdf0e7000)]
  0x00007f6cf02f4800 JavaThread "Chunk I/O Executor Thread-1" daemon [_thread_blocked, id=40267, stack(0x00007f6cdbd28000,0x00007f6cdbe29000)]
  0x00007f6ce0bfb000 JavaThread "Netty Server IO #1" daemon [_thread_in_native, id=40261, stack(0x00007f6cdbb26000,0x00007f6cdbc27000)]
  0x00007f6cf064f000 JavaThread "luckperms-command-executor" daemon [_thread_blocked, id=39927, stack(0x00007f6cdbc27000,0x00007f6cdbd28000)]
  0x00007f6cf01f2000 JavaThread "Netty Server IO #0" daemon [_thread_in_native, id=39832, stack(0x00007f6cdf7ea000,0x00007f6cdf8eb000)]
  0x00007f6cf00b0000 JavaThread "Spigot Metrics Thread" daemon [_thread_blocked, id=39827, stack(0x00007f6cdfeff000,0x00007f6ce0000000)]
  0x00007f6cf00a9800 JavaThread "PaperSpigot Watchdog Thread" [_thread_blocked, id=39826, stack(0x00007f6cfc0fb000,0x00007f6cfc1fc000)]
  0x00007f6cf0009000 JavaThread "Server console handler" daemon [_thread_in_native, id=39819, stack(0x00007f6cfc3fc000,0x00007f6cfc4fd000)]
  0x00007f6cf0007800 JavaThread "Thread-4" [_thread_blocked, id=39818, stack(0x00007f6cfc4fd000,0x00007f6cfc5fe000)]
  0x00007f6d0c00a800 JavaThread "DestroyJavaVM" [_thread_blocked, id=39776, stack(0x00007f6d1254e000,0x00007f6d1264e000)]
  0x00007f6d0c684800 JavaThread "Server thread" [_thread_blocked, id=39817, stack(0x00007f6cfc5fe000,0x00007f6cfc6ff000)]
  0x00007f6d0c683800 JavaThread "Server Infinisleeper" daemon [_thread_blocked, id=39816, stack(0x00007f6cfc6ff000,0x00007f6cfc800000)]
  0x00007f6d0c671000 JavaThread "NonBlockingInputStreamThread" daemon [_thread_blocked, id=39815, stack(0x00007f6d10053000,0x00007f6d10154000)]
  0x00007f6d0c5f9800 JavaThread "Snooper Timer" daemon [_thread_blocked, id=39804, stack(0x00007f6d10154000,0x00007f6d10255000)]
  0x00007f6d0c0e1800 JavaThread "Service Thread" daemon [_thread_blocked, id=39789, stack(0x00007f6d10bbe000,0x00007f6d10cbf000)]
  0x00007f6d0c0de800 JavaThread "C1 CompilerThread1" daemon [_thread_blocked, id=39787, stack(0x00007f6d10cc0000,0x00007f6d10dc0000)]
  0x00007f6d0c0dc000 JavaThread "C2 CompilerThread0" daemon [_thread_blocked, id=39785, stack(0x00007f6d10dc1000,0x00007f6d10ec1000)]
  0x00007f6d0c0d4800 JavaThread "Signal Dispatcher" daemon [_thread_blocked, id=39784, stack(0x00007f6d10ec8000,0x00007f6d10fc9000)]
  0x00007f6d0c0a4000 JavaThread "Finalizer" daemon [_thread_blocked, id=39781, stack(0x00007f6d11178000,0x00007f6d11279000)]
  0x00007f6d0c09f800 JavaThread "Reference Handler" daemon [_thread_blocked, id=39780, stack(0x00007f6d11279000,0x00007f6d1137a000)]

Other Threads:
=>0x00007f6d0c095800 VMThread [stack: 0x00007f6d1137b000,0x00007f6d1147b000] [id=39778]
  0x00007f6d0c0e4000 WatcherThread [stack: 0x00007f6d10abe000,0x00007f6d10bbe000] [id=39791]

VM state:at safepoint (normal execution)

VM Mutex/Monitor currently owned by a thread:  ([mutex/lock_event])
[0x00007f6d0c007d70] Threads_lock - owner thread: 0x00007f6d0c095800
[0x00007f6d0c008270] Heap_lock - owner thread: 0x00007f6d0c684800

heap address: 0x00000000e0000000, size: 512 MB, Compressed Oops mode: 32-bit
Narrow klass base: 0x0000000000000000, Narrow klass shift: 3
Compressed class space size: 1073741824 Address: 0x0000000100000000

Heap:
 def new generation   total 111296K, used 0K [0x00000000e0000000, 0x00000000e78c0000, 0x00000000eaaa0000)
  eden space 98944K,   0% used [0x00000000e0000000, 0x00000000e0000000, 0x00000000e60a0000)
  from space 12352K,   0% used [0x00000000e60a0000, 0x00000000e60a0000, 0x00000000e6cb0000)
  to   space 12352K,   0% used [0x00000000e6cb0000, 0x00000000e6cb0000, 0x00000000e78c0000)
 tenured generation   total 247128K, used 164323K [0x00000000eaaa0000, 0x00000000f9bf6000, 0x0000000100000000)
   the space 247128K,  66% used [0x00000000eaaa0000, 0x00000000f4b18c98, 0x00000000f4b18e00, 0x00000000f9bf6000)
 Metaspace       used 92241K, capacity 97062K, committed 97320K, reserved 1132544K
  class space    used 12649K, capacity 14043K, committed 14120K, reserved 1048576K

Card table byte_map: [0x00007f6d12017000,0x00007f6d12118000] byte_map_base: 0x00007f6d11917000

Polling page: 0x00007f6d13a1a000

CodeCache: size=245760Kb used=43797Kb max_used=43842Kb free=201962Kb
 bounds [0x00007f6cfd000000, 0x00007f6cffb40000, 0x00007f6d0c000000]
 total_blobs=13196 nmethods=12423 adapters=683
 compilation: enabled

Compilation events (10 events):
Event: 54198.995 Thread 0x00007f6d0c0de800 18228       1       org.bukkit.event.vehicle.VehicleMoveEvent::getHandlers (4 bytes)
Event: 54198.996 Thread 0x00007f6d0c0de800 nmethod 18228 0x00007f6cff4774d0 code [0x00007f6cff477620, 0x00007f6cff477730]
Event: 54199.034 Thread 0x00007f6d0c0de800 18229 % !   3       java.lang.ref.Finalizer$FinalizerThread::run @ 33 (55 bytes)
Event: 54199.041 Thread 0x00007f6d0c0de800 nmethod 18229% 0x00007f6cff477bd0 code [0x00007f6cff477e00, 0x00007f6cff478aa0]
Event: 54199.108 Thread 0x00007f6d0c0de800 18230       3       net.minecraft.server.v1_8_R3.StructureBoundingBox::e (12 bytes)
Event: 54199.132 Thread 0x00007f6d0c0de800 nmethod 18230 0x00007f6cfd295150 code [0x00007f6cfd2952a0, 0x00007f6cfd2953f0]
Event: 54199.223 Thread 0x00007f6d0c0de800 18231       1       net.minecraft.server.v1_8_R3.WorldData::getGeneratorOptions (5 bytes)
Event: 54199.242 Thread 0x00007f6d0c0de800 nmethod 18231 0x00007f6cff768c50 code [0x00007f6cff768da0, 0x00007f6cff768eb0]
Event: 54201.142 Thread 0x00007f6d0c0dc000 18232       4       org.bukkit.util.BlockIterator::next (37 bytes)
Event: 54201.167 Thread 0x00007f6d0c0dc000 nmethod 18232 0x00007f6cff3e7390 code [0x00007f6cff3e74e0, 0x00007f6cff3e75c8]

GC Heap History (10 events):
Event: 54097.527 GC heap after
Heap after GC invocations=465 (full 6):
 def new generation   total 111296K, used 10928K [0x00000000e0000000, 0x00000000e78c0000, 0x00000000eaaa0000)
  eden space 98944K,   0% used [0x00000000e0000000, 0x00000000e0000000, 0x00000000e60a0000)
  from space 12352K,  88% used [0x00000000e60a0000, 0x00000000e6b4c1a0, 0x00000000e6cb0000)
  to   space 12352K,   0% used [0x00000000e6cb0000, 0x00000000e6cb0000, 0x00000000e78c0000)
 tenured generation   total 247128K, used 199746K [0x00000000eaaa0000, 0x00000000f9bf6000, 0x0000000100000000)
   the space 247128K,  80% used [0x00000000eaaa0000, 0x00000000f6db0b70, 0x00000000f6db0c00, 0x00000000f9bf6000)
 Metaspace       used 92192K, capacity 96998K, committed 97320K, reserved 1132544K
  class space    used 12648K, capacity 14043K, committed 14120K, reserved 1048576K
}
Event: 54122.714 GC heap before
{Heap before GC invocations=465 (full 6):
 def new generation   total 111296K, used 109872K [0x00000000e0000000, 0x00000000e78c0000, 0x00000000eaaa0000)
  eden space 98944K, 100% used [0x00000000e0000000, 0x00000000e60a0000, 0x00000000e60a0000)
  from space 12352K,  88% used [0x00000000e60a0000, 0x00000000e6b4c1a0, 0x00000000e6cb0000)
  to   space 12352K,   0% used [0x00000000e6cb0000, 0x00000000e6cb0000, 0x00000000e78c0000)
 tenured generation   total 247128K, used 199746K [0x00000000eaaa0000, 0x00000000f9bf6000, 0x0000000100000000)
   the space 247128K,  80% used [0x00000000eaaa0000, 0x00000000f6db0b70, 0x00000000f6db0c00, 0x00000000f9bf6000)
 Metaspace       used 92197K, capacity 96998K, committed 97320K, reserved 1132544K
  class space    used 12648K, capacity 14043K, committed 14120K, reserved 1048576K
Event: 54122.780 GC heap after
Heap after GC invocations=466 (full 6):
 def new generation   total 111296K, used 7229K [0x00000000e0000000, 0x00000000e78c0000, 0x00000000eaaa0000)
  eden space 98944K,   0% used [0x00000000e0000000, 0x00000000e0000000, 0x00000000e60a0000)
  from space 12352K,  58% used [0x00000000e6cb0000, 0x00000000e73bf720, 0x00000000e78c0000)
  to   space 12352K,   0% used [0x00000000e60a0000, 0x00000000e60a0000, 0x00000000e6cb0000)
 tenured generation   total 247128K, used 207404K [0x00000000eaaa0000, 0x00000000f9bf6000, 0x0000000100000000)
   the space 247128K,  83% used [0x00000000eaaa0000, 0x00000000f752b230, 0x00000000f752b400, 0x00000000f9bf6000)
 Metaspace       used 92197K, capacity 96998K, committed 97320K, reserved 1132544K
  class space    used 12648K, capacity 14043K, committed 14120K, reserved 1048576K
}
Event: 54157.580 GC heap before
{Heap before GC invocations=466 (full 6):
 def new generation   total 111296K, used 106173K [0x00000000e0000000, 0x00000000e78c0000, 0x00000000eaaa0000)
  eden space 98944K, 100% used [0x00000000e0000000, 0x00000000e60a0000, 0x00000000e60a0000)
  from space 12352K,  58% used [0x00000000e6cb0000, 0x00000000e73bf720, 0x00000000e78c0000)
  to   space 12352K,   0% used [0x00000000e60a0000, 0x00000000e60a0000, 0x00000000e6cb0000)
 tenured generation   total 247128K, used 207404K [0x00000000eaaa0000, 0x00000000f9bf6000, 0x0000000100000000)
   the space 247128K,  83% used [0x00000000eaaa0000, 0x00000000f752b230, 0x00000000f752b400, 0x00000000f9bf6000)
 Metaspace       used 92200K, capacity 96998K, committed 97320K, reserved 1132544K
  class space    used 12648K, capacity 14043K, committed 14120K, reserved 1048576K
Event: 54157.595 GC heap after
Heap after GC invocations=467 (full 6):
 def new generation   total 111296K, used 4042K [0x00000000e0000000, 0x00000000e78c0000, 0x00000000eaaa0000)
  eden space 98944K,   0% used [0x00000000e0000000, 0x00000000e0000000, 0x00000000e60a0000)
  from space 12352K,  32% used [0x00000000e60a0000, 0x00000000e6492b38, 0x00000000e6cb0000)
  to   space 12352K,   0% used [0x00000000e6cb0000, 0x00000000e6cb0000, 0x00000000e78c0000)
 tenured generation   total 247128K, used 212373K [0x00000000eaaa0000, 0x00000000f9bf6000, 0x0000000100000000)
   the space 247128K,  85% used [0x00000000eaaa0000, 0x00000000f7a05568, 0x00000000f7a05600, 0x00000000f9bf6000)
 Metaspace       used 92200K, capacity 96998K, committed 97320K, reserved 1132544K
  class space    used 12648K, capacity 14043K, committed 14120K, reserved 1048576K
}
Event: 54178.475 GC heap before
{Heap before GC invocations=467 (full 6):
 def new generation   total 111296K, used 102986K [0x00000000e0000000, 0x00000000e78c0000, 0x00000000eaaa0000)
  eden space 98944K, 100% used [0x00000000e0000000, 0x00000000e60a0000, 0x00000000e60a0000)
  from space 12352K,  32% used [0x00000000e60a0000, 0x00000000e6492b38, 0x00000000e6cb0000)
  to   space 12352K,   0% used [0x00000000e6cb0000, 0x00000000e6cb0000, 0x00000000e78c0000)
 tenured generation   total 247128K, used 212373K [0x00000000eaaa0000, 0x00000000f9bf6000, 0x0000000100000000)
   the space 247128K,  85% used [0x00000000eaaa0000, 0x00000000f7a05568, 0x00000000f7a05600, 0x00000000f9bf6000)
 Metaspace       used 92238K, capacity 97062K, committed 97320K, reserved 1132544K
  class space    used 12649K, capacity 14043K, committed 14120K, reserved 1048576K
Event: 54178.492 GC heap after
Heap after GC invocations=468 (full 6):
 def new generation   total 111296K, used 10154K [0x00000000e0000000, 0x00000000e78c0000, 0x00000000eaaa0000)
  eden space 98944K,   0% used [0x00000000e0000000, 0x00000000e0000000, 0x00000000e60a0000)
  from space 12352K,  82% used [0x00000000e6cb0000, 0x00000000e769aa58, 0x00000000e78c0000)
  to   space 12352K,   0% used [0x00000000e60a0000, 0x00000000e60a0000, 0x00000000e6cb0000)
 tenured generation   total 247128K, used 212373K [0x00000000eaaa0000, 0x00000000f9bf6000, 0x0000000100000000)
   the space 247128K,  85% used [0x00000000eaaa0000, 0x00000000f7a05568, 0x00000000f7a05600, 0x00000000f9bf6000)
 Metaspace       used 92238K, capacity 97062K, committed 97320K, reserved 1132544K
  class space    used 12649K, capacity 14043K, committed 14120K, reserved 1048576K
}
Event: 54199.014 GC heap before
{Heap before GC invocations=468 (full 6):
 def new generation   total 111296K, used 109098K [0x00000000e0000000, 0x00000000e78c0000, 0x00000000eaaa0000)
  eden space 98944K, 100% used [0x00000000e0000000, 0x00000000e60a0000, 0x00000000e60a0000)
  from space 12352K,  82% used [0x00000000e6cb0000, 0x00000000e769aa58, 0x00000000e78c0000)
  to   space 12352K,   0% used [0x00000000e60a0000, 0x00000000e60a0000, 0x00000000e6cb0000)
 tenured generation   total 247128K, used 212373K [0x00000000eaaa0000, 0x00000000f9bf6000, 0x0000000100000000)
   the space 247128K,  85% used [0x00000000eaaa0000, 0x00000000f7a05568, 0x00000000f7a05600, 0x00000000f9bf6000)
 Metaspace       used 92240K, capacity 97062K, committed 97320K, reserved 1132544K
  class space    used 12649K, capacity 14043K, committed 14120K, reserved 1048576K
Event: 54199.031 GC heap after
Heap after GC invocations=469 (full 6):
 def new generation   total 111296K, used 6694K [0x00000000e0000000, 0x00000000e78c0000, 0x00000000eaaa0000)
  eden space 98944K,   0% used [0x00000000e0000000, 0x00000000e0000000, 0x00000000e60a0000)
  from space 12352K,  54% used [0x00000000e60a0000, 0x00000000e6729a78, 0x00000000e6cb0000)
  to   space 12352K,   0% used [0x00000000e6cb0000, 0x00000000e6cb0000, 0x00000000e78c0000)
 tenured generation   total 247128K, used 217821K [0x00000000eaaa0000, 0x00000000f9bf6000, 0x0000000100000000)
   the space 247128K,  88% used [0x00000000eaaa0000, 0x00000000f7f576c8, 0x00000000f7f57800, 0x00000000f9bf6000)
 Metaspace       used 92240K, capacity 97062K, committed 97320K, reserved 1132544K
  class space    used 12649K, capacity 14043K, committed 14120K, reserved 1048576K
}
Event: 54206.581 GC heap before
{Heap before GC invocations=469 (full 6):
 def new generation   total 111296K, used 27055K [0x00000000e0000000, 0x00000000e78c0000, 0x00000000eaaa0000)
  eden space 98944K,  20% used [0x00000000e0000000, 0x00000000e13e2498, 0x00000000e60a0000)
  from space 12352K,  54% used [0x00000000e60a0000, 0x00000000e6729a78, 0x00000000e6cb0000)
  to   space 12352K,   0% used [0x00000000e6cb0000, 0x00000000e6cb0000, 0x00000000e78c0000)
 tenured generation   total 247128K, used 217821K [0x00000000eaaa0000, 0x00000000f9bf6000, 0x0000000100000000)
   the space 247128K,  88% used [0x00000000eaaa0000, 0x00000000f7f576c8, 0x00000000f7f57800, 0x00000000f9bf6000)
 Metaspace       used 92241K, capacity 97062K, committed 97320K, reserved 1132544K
  class space    used 12649K, capacity 14043K, committed 14120K, reserved 1048576K

Deoptimization events (10 events):
Event: 54170.437 Thread 0x00007f6d0c684800 Uncommon trap: reason=unstable_if action=reinterpret pc=0x00007f6cff164c78 method=net.minecraft.server.v1_8_R3.EntityMinecartAbstract.k(DDD)Lnet/minecraft/server/v1_8_R3/Vec3D; @ 271
Event: 54174.617 Thread 0x00007f6d0c684800 Uncommon trap: reason=unstable_if action=reinterpret pc=0x00007f6cfe1b2838 method=net.minecraft.server.v1_8_R3.WorldGenStronghold.a(II)Z @ 287
Event: 54174.617 Thread 0x00007f6d0c684800 Uncommon trap: reason=class_check action=maybe_recompile pc=0x00007f6cfef69910 method=net.minecraft.server.v1_8_R3.StructureGenerator.a(Lnet/minecraft/server/v1_8_R3/World;IIIILnet/minecraft/server/v1_8_R3/ChunkSnapshot;)V @ 45
Event: 54176.568 Thread 0x00007f6d0c684800 Uncommon trap: reason=unstable_if action=reinterpret pc=0x00007f6cff34c768 method=net.minecraft.server.v1_8_R3.EntityHuman.g(FF)V @ 58
Event: 54181.956 Thread 0x00007f6d0c684800 Uncommon trap: reason=unstable_if action=reinterpret pc=0x00007f6cff7afb48 method=net.minecraft.server.v1_8_R3.GenLayerRegionHills.a(IIII)[I @ 606
Event: 54193.070 Thread 0x00007f6d0c684800 Uncommon trap: reason=unstable_if action=reinterpret pc=0x00007f6cff6bb424 method=net.minecraft.server.v1_8_R3.GenLayerRiverMix.a(IIII)[I @ 74
Event: 54193.070 Thread 0x00007f6d0c684800 Uncommon trap: reason=unstable_if action=reinterpret pc=0x00007f6cff270bf8 method=net.minecraft.server.v1_8_R3.NoiseGeneratorPerlin.a([DDDDIIIDDDD)V @ 69
Event: 54193.073 Thread 0x00007f6d0c684800 Uncommon trap: reason=unstable_if action=reinterpret pc=0x00007f6cff216f5c method=net.minecraft.server.v1_8_R3.NoiseGeneratorPerlin.a([DDDDIIIDDDD)V @ 463
Event: 54193.078 Thread 0x00007f6d0c684800 Uncommon trap: reason=unstable_if action=reinterpret pc=0x00007f6cff2b6400 method=net.minecraft.server.v1_8_R3.BiomeBase.b(Lnet/minecraft/server/v1_8_R3/World;Ljava/util/Random;Lnet/minecraft/server/v1_8_R3/ChunkSnapshot;IID)V @ 326
Event: 54193.080 Thread 0x00007f6d0c684800 Uncommon trap: reason=unstable_if action=reinterpret pc=0x00007f6cfe210de0 method=net.minecraft.server.v1_8_R3.BiomeBase.b(Lnet/minecraft/server/v1_8_R3/World;Ljava/util/Random;Lnet/minecraft/server/v1_8_R3/ChunkSnapshot;IID)V @ 326

Classes redefined (0 events):
No events

Internal exceptions (10 events):
Event: 53082.451 Thread 0x00007f6cf0596800 Exception <a 'java/net/ConnectException'> (0x00000000e1ee67d0) thrown at [/build/openjdk-8-siAa60/openjdk-8-8u352-ga/src/hotspot/src/share/vm/prims/jni.cpp, line 711]
Event: 53139.276 Thread 0x00007f6ce094a000 Implicit null exception at 0x00007f6cff276b66 to 0x00007f6cff277f89
Event: 53139.276 Thread 0x00007f6ce094a000 Exception <a 'java/lang/NullPointerException'> (0x00000000e01b8d48) thrown at [/build/openjdk-8-siAa60/openjdk-8-8u352-ga/src/hotspot/src/share/vm/runtime/sharedRuntime.cpp, line 609]
Event: 53139.277 Thread 0x00007f6ce094a000 Implicit null exception at 0x00007f6cff276b66 to 0x00007f6cff277f89
Event: 53139.277 Thread 0x00007f6ce094a000 Exception <a 'java/lang/NullPointerException'> (0x00000000e01bfe50) thrown at [/build/openjdk-8-siAa60/openjdk-8-8u352-ga/src/hotspot/src/share/vm/runtime/sharedRuntime.cpp, line 609]
Event: 53278.675 Thread 0x00007f6d0c5f9800 Exception <a 'java/net/ConnectException'> (0x00000000e365ddc8) thrown at [/build/openjdk-8-siAa60/openjdk-8-8u352-ga/src/hotspot/src/share/vm/prims/jni.cpp, line 711]
Event: 53876.084 Thread 0x00007f6d0c684800 Implicit null exception at 0x00007f6cfe23bed6 to 0x00007f6cfe23bf39
Event: 53876.093 Thread 0x00007f6d0c684800 Implicit null exception at 0x00007f6cfe02877c to 0x00007f6cfe028afd
Event: 54164.316 Thread 0x00007f6cf0b2f000 Exception <a 'java/net/ConnectException'> (0x00000000e1b0e630) thrown at [/build/openjdk-8-siAa60/openjdk-8-8u352-ga/src/hotspot/src/share/vm/prims/jni.cpp, line 711]
Event: 54178.646 Thread 0x00007f6d0c5f9800 Exception <a 'java/net/ConnectException'> (0x00000000e0263330) thrown at [/build/openjdk-8-siAa60/openjdk-8-8u352-ga/src/hotspot/src/share/vm/prims/jni.cpp, line 711]

Events (10 events):
Event: 54195.931 Thread 0x00007f6d0c684800 DEOPT PACKING pc=0x00007f6cff06bfa6 sp=0x00007f6cfc6fd130
Event: 54195.931 Thread 0x00007f6d0c684800 DEOPT UNPACKING pc=0x00007f6cfd0470c4 sp=0x00007f6cfc6fcf58 mode 0
Event: 54198.789 Thread 0x00007f6d0c0dc000 flushing nmethod 0x00007f6cfd295150
Event: 54199.014 Executing VM operation: GenCollectForAllocation
Event: 54199.033 Executing VM operation: GenCollectForAllocation done
Event: 54199.042 Thread 0x00007f6d0c0de800 flushing nmethod 0x00007f6cfd657790
Event: 54199.243 Thread 0x00007f6d0c0de800 flushing nmethod 0x00007f6cfd8d8d50
Event: 54204.539 Executing VM operation: RevokeBias
Event: 54204.540 Executing VM operation: RevokeBias done
Event: 54206.578 Executing VM operation: GenCollectFull


Dynamic libraries:
e0000000-e78c0000 rw-p 00000000 00:00 0 
e78c0000-eaaa0000 ---p 00000000 00:00 0 
eaaa0000-f9bf6000 rw-p 00000000 00:00 0 
fb614000-100000000 ---p 00000000 00:00 0 
100000000-100dca000 rw-p 00000000 00:00 0 
100dca000-140000000 ---p 00000000 00:00 0 
55d4c9975000-55d4c9976000 r--p 00000000 b6:c5221 395840                  /usr/lib/jvm/java-8-openjdk-amd64/jre/bin/java
55d4c9976000-55d4c9977000 r-xp 00001000 b6:c5221 395840                  /usr/lib/jvm/java-8-openjdk-amd64/jre/bin/java
55d4c9977000-55d4c9978000 r--p 00002000 b6:c5221 395840                  /usr/lib/jvm/java-8-openjdk-amd64/jre/bin/java
55d4c9978000-55d4c9979000 r--p 00002000 b6:c5221 395840                  /usr/lib/jvm/java-8-openjdk-amd64/jre/bin/java
55d4c9979000-55d4c997a000 rw-p 00003000 b6:c5221 395840                  /usr/lib/jvm/java-8-openjdk-amd64/jre/bin/java
55d4c9fec000-55d4ca1d5000 rw-p 00000000 00:00 0                          [heap]
7f6cd89c3000-7f6cd89c6000 ---p 00000000 00:00 0 
7f6cd89c6000-7f6cd8c04000 rw-p 00000000 00:00 0 
7f6cd8c04000-7f6cd8cc7000 ---p 00000000 00:00 0 
7f6cd8cc7000-7f6cd8dc5000 rw-p 00000000 00:00 0 
7f6cd8dc5000-7f6cd8dc8000 ---p 00000000 00:00 0 
7f6cd8dc8000-7f6cd8ec6000 rw-p 00000000 00:00 0 
7f6cd8ec6000-7f6cd8ec9000 ---p 00000000 00:00 0 
7f6cd8ec9000-7f6cd8fc7000 rw-p 00000000 00:00 0 
7f6cd8fc7000-7f6cd8fca000 ---p 00000000 00:00 0 
7f6cd8fca000-7f6cd90c8000 rw-p 00000000 00:00 0 
7f6cd90c8000-7f6cd90cb000 ---p 00000000 00:00 0 
7f6cd90cb000-7f6cd93c9000 rw-p 00000000 00:00 0 
7f6cd93c9000-7f6cd95c9000 rw-p 00000000 00:00 0 
7f6cd95c9000-7f6cd97c9000 rw-p 00000000 00:00 0 
7f6cd97c9000-7f6cd99c9000 rw-p 00000000 00:00 0 
7f6cd99c9000-7f6cd9bc9000 rw-p 00000000 00:00 0 
7f6cd9bc9000-7f6cd9dc9000 rw-p 00000000 00:00 0 
7f6cd9dc9000-7f6cd9fc9000 rw-p 00000000 00:00 0 
7f6cd9fc9000-7f6cda01f000 r--s 00328000 b6:c5221 396697                  /root/eaglercraft-server/server/plugins/LuckPerms/libs/bytebuddy-1.10.22-remapped.jar
7f6cda01f000-7f6cda21f000 rw-p 00000000 00:00 0 
7f6cda21f000-7f6cda41f000 rw-p 00000000 00:00 0 
7f6cda41f000-7f6cda61f000 rw-p 00000000 00:00 0 
7f6cda61f000-7f6cda81f000 rw-p 00000000 00:00 0 
7f6cda81f000-7f6cda822000 ---p 00000000 00:00 0 
7f6cda822000-7f6cda920000 rw-p 00000000 00:00 0 
7f6cda920000-7f6cda923000 ---p 00000000 00:00 0 
7f6cda923000-7f6cdaa21000 rw-p 00000000 00:00 0 
7f6cdaa21000-7f6cdaa24000 ---p 00000000 00:00 0 
7f6cdaa24000-7f6cdab22000 rw-p 00000000 00:00 0 
7f6cdab22000-7f6cdab25000 ---p 00000000 00:00 0 
7f6cdab25000-7f6cdb224000 rw-p 00000000 00:00 0 
7f6cdb224000-7f6cdb424000 rw-p 00000000 00:00 0 
7f6cdb424000-7f6cdba25000 rw-p 00000000 00:00 0 
7f6cdba25000-7f6cdba28000 ---p 00000000 00:00 0 
7f6cdba28000-7f6cdbb26000 rw-p 00000000 00:00 0 
7f6cdbb26000-7f6cdbb29000 ---p 00000000 00:00 0 
7f6cdbb29000-7f6cdbc27000 rw-p 00000000 00:00 0 
7f6cdbc27000-7f6cdbc2a000 ---p 00000000 00:00 0 
7f6cdbc2a000-7f6cdbd28000 rw-p 00000000 00:00 0 
7f6cdbd28000-7f6cdbd2b000 ---p 00000000 00:00 0 
7f6cdbd2b000-7f6cdbe29000 rw-p 00000000 00:00 0 
7f6cdbe29000-7f6cdbe2c000 ---p 00000000 00:00 0 
7f6cdbe2c000-7f6cdbf2a000 rw-p 00000000 00:00 0 
7f6cdbf30000-7f6cdc130000 rw-p 00000000 00:00 0 
7f6cdc130000-7f6cdc1b4000 r-xp 00000000 b6:c5221 131906                  /tmp/sqlite-3.7.2-libsqlitejdbc.so
7f6cdc1b4000-7f6cdc3b4000 ---p 00084000 b6:c5221 131906                  /tmp/sqlite-3.7.2-libsqlitejdbc.so
7f6cdc3b4000-7f6cdc3b5000 r--p 00084000 b6:c5221 131906                  /tmp/sqlite-3.7.2-libsqlitejdbc.so
7f6cdc3b5000-7f6cdc3b8000 rw-p 00085000 b6:c5221 131906                  /tmp/sqlite-3.7.2-libsqlitejdbc.so
7f6cdc3b8000-7f6cdc3bb000 ---p 00000000 00:00 0 
7f6cdc3bb000-7f6cdc4b9000 rw-p 00000000 00:00 0 
7f6cdc4b9000-7f6cdc4bc000 ---p 00000000 00:00 0 
7f6cdc4bc000-7f6cdc7ba000 rw-p 00000000 00:00 0 
7f6cdc7ba000-7f6cdc7bd000 ---p 00000000 00:00 0 
7f6cdc7bd000-7f6cdcabb000 rw-p 00000000 00:00 0 
7f6cdcabb000-7f6cdccbb000 rw-p 00000000 00:00 0 
7f6cdccbb000-7f6cdcebb000 rw-p 00000000 00:00 0 
7f6cdcebb000-7f6cdcebe000 ---p 00000000 00:00 0 
7f6cdcebe000-7f6cdcfbc000 rw-p 00000000 00:00 0 
7f6cdcfbc000-7f6cdcfbf000 ---p 00000000 00:00 0 
7f6cdcfbf000-7f6cdd0bd000 rw-p 00000000 00:00 0 
7f6cdd0bd000-7f6cdd0c0000 ---p 00000000 00:00 0 
7f6cdd0c0000-7f6cdd3be000 rw-p 00000000 00:00 0 
7f6cdd3be000-7f6cdd5be000 rw-p 00000000 00:00 0 
7f6cdd5be000-7f6cdd5d4000 r--s 00257000 b6:c5221 396694                  /root/eaglercraft-server/server/plugins/LuckPerms/libs/h2-driver-2.1.214.jar
7f6cdd5d4000-7f6cdd5d7000 ---p 00000000 00:00 0 
7f6cdd5d7000-7f6cdd8d5000 rw-p 00000000 00:00 0 
7f6cdd8d5000-7f6cddad5000 rw-p 00000000 00:00 0 
7f6cddad5000-7f6cddcd5000 rw-p 00000000 00:00 0 
7f6cddcd5000-7f6cddcd8000 ---p 00000000 00:00 0 
7f6cddcd8000-7f6cdddd6000 rw-p 00000000 00:00 0 
7f6cdddd6000-7f6cdddd9000 ---p 00000000 00:00 0 
7f6cdddd9000-7f6cdded7000 rw-p 00000000 00:00 0 
7f6cdded7000-7f6cddeda000 ---p 00000000 00:00 0 
7f6cddeda000-7f6cddfd8000 rw-p 00000000 00:00 0 
7f6cddfd8000-7f6cddfdb000 ---p 00000000 00:00 0 
7f6cddfdb000-7f6cde0d9000 rw-p 00000000 00:00 0 
7f6cde0d9000-7f6cde0dc000 ---p 00000000 00:00 0 
7f6cde0dc000-7f6cde1da000 rw-p 00000000 00:00 0 
7f6cde1da000-7f6cde1dd000 ---p 00000000 00:00 0 
7f6cde1dd000-7f6cde2db000 rw-p 00000000 00:00 0 
7f6cde2db000-7f6cde2de000 ---p 00000000 00:00 0 
7f6cde2de000-7f6cde3dc000 rw-p 00000000 00:00 0 
7f6cde3dc000-7f6cde3df000 ---p 00000000 00:00 0 
7f6cde3df000-7f6cde4dd000 rw-p 00000000 00:00 0 
7f6cde4dd000-7f6cde4e0000 ---p 00000000 00:00 0 
7f6cde4e0000-7f6cde5de000 rw-p 00000000 00:00 0 
7f6cde5de000-7f6cde5e1000 ---p 00000000 00:00 0 
7f6cde5e1000-7f6cde6df000 rw-p 00000000 00:00 0 
7f6cde6df000-7f6cde6e2000 ---p 00000000 00:00 0 
7f6cde6e2000-7f6cde7e0000 rw-p 00000000 00:00 0 
7f6cde7e0000-7f6cde7e3000 ---p 00000000 00:00 0 
7f6cde7e3000-7f6cde8e1000 rw-p 00000000 00:00 0 
7f6cde8e1000-7f6cde8e4000 ---p 00000000 00:00 0 
7f6cde8e4000-7f6cde9e2000 rw-p 00000000 00:00 0 
7f6cde9e2000-7f6cde9e5000 ---p 00000000 00:00 0 
7f6cde9e5000-7f6cdeae3000 rw-p 00000000 00:00 0 
7f6cdeae3000-7f6cdeae6000 ---p 00000000 00:00 0 
7f6cdeae6000-7f6cdebe4000 rw-p 00000000 00:00 0 
7f6cdebe4000-7f6cdebe7000 ---p 00000000 00:00 0 
7f6cdebe7000-7f6cdeee5000 rw-p 00000000 00:00 0 
7f6cdeee5000-7f6cdeee8000 ---p 00000000 00:00 0 
7f6cdeee8000-7f6cdefe6000 rw-p 00000000 00:00 0 
7f6cdefe6000-7f6cdefe9000 ---p 00000000 00:00 0 
7f6cdefe9000-7f6cdf0e7000 rw-p 00000000 00:00 0 
7f6cdf0e7000-7f6cdf0ea000 ---p 00000000 00:00 0 
7f6cdf0ea000-7f6cdf3e8000 rw-p 00000000 00:00 0 
7f6cdf3e8000-7f6cdf3eb000 ---p 00000000 00:00 0 
7f6cdf3eb000-7f6cdf4e9000 rw-p 00000000 00:00 0 
7f6cdf4e9000-7f6cdf4ec000 ---p 00000000 00:00 0 
7f6cdf4ec000-7f6cdf7ea000 rw-p 00000000 00:00 0 
7f6cdf7ea000-7f6cdf7ed000 ---p 00000000 00:00 0 
7f6cdf7ed000-7f6cdfaeb000 rw-p 00000000 00:00 0 
7f6cdfaeb000-7f6cdfafc000 r-xp 00000000 b6:c5221 154951                  /tmp/libnetty_transport_native_epoll_x86_641313267093580476099.so (deleted)
7f6cdfafc000-7f6cdfcfb000 ---p 00011000 b6:c5221 154951                  /tmp/libnetty_transport_native_epoll_x86_641313267093580476099.so (deleted)
7f6cdfcfb000-7f6cdfcfe000 r--p 00010000 b6:c5221 154951                  /tmp/libnetty_transport_native_epoll_x86_641313267093580476099.so (deleted)
7f6cdfcfe000-7f6cdfeff000 rw-p 00000000 00:00 0 
7f6cdfeff000-7f6cdff02000 ---p 00000000 00:00 0 
7f6cdff02000-7f6ce0000000 rw-p 00000000 00:00 0 
7f6ce0000000-7f6ce12dd000 rw-p 00000000 00:00 0 
7f6ce12dd000-7f6ce4000000 ---p 00000000 00:00 0 
7f6ce4000000-7f6ce4123000 rw-p 00000000 00:00 0 
7f6ce4123000-7f6ce8000000 ---p 00000000 00:00 0 
7f6ce8000000-7f6ce809c000 rw-p 00000000 00:00 0 
7f6ce809c000-7f6cec000000 ---p 00000000 00:00 0 
7f6cec000000-7f6ceeab9000 rw-p 00000000 00:00 0 
7f6ceeab9000-7f6cf0000000 ---p 00000000 00:00 0 
7f6cf0000000-7f6cf0d21000 rw-p 00000000 00:00 0 
7f6cf0d21000-7f6cf4000000 ---p 00000000 00:00 0 
7f6cf4000000-7f6cf407c000 rw-p 00000000 00:00 0 
7f6cf407c000-7f6cf8000000 ---p 00000000 00:00 0 
7f6cf8000000-7f6cf833a000 rw-p 00000000 00:00 0 
7f6cf833a000-7f6cfc000000 ---p 00000000 00:00 0 
7f6cfc001000-7f6cfc013000 r--s 0034c000 b6:c5221 395932                  /usr/lib/jvm/java-8-openjdk-amd64/jre/lib/resources.jar
7f6cfc013000-7f6cfc01a000 r--p 00000000 b6:c5221 395883                  /usr/lib/jvm/java-8-openjdk-amd64/jre/lib/amd64/libsunec.so
7f6cfc01a000-7f6cfc033000 r-xp 00007000 b6:c5221 395883                  /usr/lib/jvm/java-8-openjdk-amd64/jre/lib/amd64/libsunec.so
7f6cfc033000-7f6cfc03d000 r--p 00020000 b6:c5221 395883                  /usr/lib/jvm/java-8-openjdk-amd64/jre/lib/amd64/libsunec.so
7f6cfc03d000-7f6cfc041000 r--p 00029000 b6:c5221 395883                  /usr/lib/jvm/java-8-openjdk-amd64/jre/lib/amd64/libsunec.so
7f6cfc041000-7f6cfc042000 rw-p 0002d000 b6:c5221 395883                  /usr/lib/jvm/java-8-openjdk-amd64/jre/lib/amd64/libsunec.so
7f6cfc095000-7f6cfc0a7000 r--s 000d2000 b6:c5221 396699                  /root/eaglercraft-server/server/plugins/LuckPerms/libs/caffeine-2.9.0-remapped.jar
7f6cfc0a7000-7f6cfc0fb000 r--s 004b5000 b6:c5221 396602                  /root/eaglercraft-server/server/plugins/ViaVersion-4.5.1.jar
7f6cfc0fb000-7f6cfc0fe000 ---p 00000000 00:00 0 
7f6cfc0fe000-7f6cfc3fc000 rw-p 00000000 00:00 0 
7f6cfc3fc000-7f6cfc3ff000 ---p 00000000 00:00 0 
7f6cfc3ff000-7f6cfc4fd000 rw-p 00000000 00:00 0 
7f6cfc4fd000-7f6cfc500000 ---p 00000000 00:00 0 
7f6cfc500000-7f6cfc5fe000 rw-p 00000000 00:00 0 
7f6cfc5fe000-7f6cfc601000 ---p 00000000 00:00 0 
7f6cfc601000-7f6cfc6ff000 rw-p 00000000 00:00 0 
7f6cfc6ff000-7f6cfc702000 ---p 00000000 00:00 0 
7f6cfc702000-7f6cfca00000 rw-p 00000000 00:00 0 
7f6cfca00000-7f6cfcc00000 rw-p 00000000 00:00 0 
7f6cfcc00000-7f6cfce00000 rw-p 00000000 00:00 0 
7f6cfce00000-7f6cfd000000 rw-p 00000000 00:00 0 
7f6cfd000000-7f6cffb40000 rwxp 00000000 00:00 0 
7f6cffb40000-7f6d0c000000 ---p 00000000 00:00 0 
7f6d0c000000-7f6d0c70b000 rw-p 00000000 00:00 0 
7f6d0c70b000-7f6d10000000 ---p 00000000 00:00 0 
7f6d10004000-7f6d10006000 r--s 00002000 b6:c5221 396708                  /root/eaglercraft-server/server/plugins/LuckPerms/libs/event-3.0.0-remapped.jar
7f6d10006000-7f6d10008000 r--s 00016000 b6:c5221 396698                  /root/eaglercraft-server/server/plugins/LuckPerms/libs/okio-1.17.5-remapped.jar
7f6d10008000-7f6d1000f000 r--s 00068000 b6:c5221 396706                  /root/eaglercraft-server/server/plugins/LuckPerms/libs/okhttp-3.14.9-remapped.jar
7f6d1000f000-7f6d10013000 r--s 00020000 b6:c5221 396700                  /root/eaglercraft-server/server/plugins/LuckPerms/libs/adventure-platform-bukkit-4.11.2-remapped.jar
7f6d10013000-7f6d10015000 r--s 0000a000 b6:c5221 396691                  /root/eaglercraft-server/server/plugins/LuckPerms/libs/adventure-platform-4.11.2-remapped.jar
7f6d10015000-7f6d10021000 r--s 0007c000 b6:c5221 396701                  /root/eaglercraft-server/server/plugins/LuckPerms/libs/adventure-4.11.0-remapped.jar
7f6d10021000-7f6d10038000 r--s 0013b000 b6:c5221 154952                  /tmp/luckperms-jarinjar843298308053914287.jar.tmp
7f6d10038000-7f6d1003f000 r--s 00152000 b6:c5221 396566                  /root/eaglercraft-server/server/plugins/LuckPerms-Bukkit-5.4.58.jar
7f6d1003f000-7f6d10045000 r--s 00040000 b6:c5221 396565                  /root/eaglercraft-server/server/plugins/LoginSecurity-3.1.1-Spigot.jar
7f6d10045000-7f6d10052000 r--s 0011b000 b6:c5221 396564                  /root/eaglercraft-server/server/plugins/EssentialsX-2.15.0.1.jar
7f6d10052000-7f6d10053000 r--s 00000000 b6:c5221 395456                  /root/eaglercraft-server/server/plugins/AutoSave.jar
7f6d10053000-7f6d10056000 ---p 00000000 00:00 0 
7f6d10056000-7f6d10154000 rw-p 00000000 00:00 0 
7f6d10154000-7f6d10157000 ---p 00000000 00:00 0 
7f6d10157000-7f6d10455000 rw-p 00000000 00:00 0 
7f6d10455000-7f6d10459000 r--p 00000000 b6:c5221 131342                  /lib/x86_64-linux-gnu/libresolv-2.31.so
7f6d10459000-7f6d10469000 r-xp 00004000 b6:c5221 131342                  /lib/x86_64-linux-gnu/libresolv-2.31.so
7f6d10469000-7f6d1046c000 r--p 00014000 b6:c5221 131342                  /lib/x86_64-linux-gnu/libresolv-2.31.so
7f6d1046c000-7f6d1046d000 ---p 00017000 b6:c5221 131342                  /lib/x86_64-linux-gnu/libresolv-2.31.so
7f6d1046d000-7f6d1046e000 r--p 00017000 b6:c5221 131342                  /lib/x86_64-linux-gnu/libresolv-2.31.so
7f6d1046e000-7f6d1046f000 rw-p 00018000 b6:c5221 131342                  /lib/x86_64-linux-gnu/libresolv-2.31.so
7f6d1046f000-7f6d10471000 rw-p 00000000 00:00 0 
7f6d10471000-7f6d10473000 r--p 00000000 b6:c5221 131308                  /lib/x86_64-linux-gnu/libnss_dns-2.31.so
7f6d10473000-7f6d10477000 r-xp 00002000 b6:c5221 131308                  /lib/x86_64-linux-gnu/libnss_dns-2.31.so
7f6d10477000-7f6d10478000 r--p 00006000 b6:c5221 131308                  /lib/x86_64-linux-gnu/libnss_dns-2.31.so
7f6d10478000-7f6d10479000 r--p 00006000 b6:c5221 131308                  /lib/x86_64-linux-gnu/libnss_dns-2.31.so
7f6d10479000-7f6d1047a000 rw-p 00007000 b6:c5221 131308                  /lib/x86_64-linux-gnu/libnss_dns-2.31.so
7f6d1047a000-7f6d10480000 r--s 0003b000 b6:c5221 396546                  /root/eaglercraft-server/server/plugins/Clearlag.jar
7f6d10480000-7f6d10482000 r--s 00016000 b6:c5221 395921                  /usr/lib/jvm/java-8-openjdk-amd64/jre/lib/jce.jar
7f6d10482000-7f6d10682000 rw-p 00000000 00:00 0 
7f6d10682000-7f6d10686000 r--p 00000000 b6:c5221 395876                  /usr/lib/jvm/java-8-openjdk-amd64/jre/lib/amd64/libmanagement.so
7f6d10686000-7f6d1068a000 r-xp 00004000 b6:c5221 395876                  /usr/lib/jvm/java-8-openjdk-amd64/jre/lib/amd64/libmanagement.so
7f6d1068a000-7f6d1068c000 r--p 00008000 b6:c5221 395876                  /usr/lib/jvm/java-8-openjdk-amd64/jre/lib/amd64/libmanagement.so
7f6d1068c000-7f6d1068d000 r--p 00009000 b6:c5221 395876                  /usr/lib/jvm/java-8-openjdk-amd64/jre/lib/amd64/libmanagement.so
7f6d1068d000-7f6d1068e000 rw-p 0000a000 b6:c5221 395876                  /usr/lib/jvm/java-8-openjdk-amd64/jre/lib/amd64/libmanagement.so
7f6d1068e000-7f6d1068f000 r-xp 00000000 b6:c5221 146286                  /tmp/libjansi-64-git-PaperSpigot-"7f37d4ab"-5246359531733138563.so
7f6d1068f000-7f6d1088e000 ---p 00001000 b6:c5221 146286                  /tmp/libjansi-64-git-PaperSpigot-"7f37d4ab"-5246359531733138563.so
7f6d1088e000-7f6d1088f000 rw-p 00000000 b6:c5221 146286                  /tmp/libjansi-64-git-PaperSpigot-"7f37d4ab"-5246359531733138563.so
7f6d1088f000-7f6d10892000 ---p 00000000 00:00 0 
7f6d10892000-7f6d108c8000 rw-p 00000000 00:00 0 
7f6d108c8000-7f6d108d9000 r--s 001c5000 b6:c5221 395927                  /usr/lib/jvm/java-8-openjdk-amd64/jre/lib/jsse.jar
7f6d108d9000-7f6d108de000 r--p 00000000 b6:c5221 395878                  /usr/lib/jvm/java-8-openjdk-amd64/jre/lib/amd64/libnet.so
7f6d108de000-7f6d108ef000 r-xp 00005000 b6:c5221 395878                  /usr/lib/jvm/java-8-openjdk-amd64/jre/lib/amd64/libnet.so
7f6d108ef000-7f6d108f3000 r--p 00016000 b6:c5221 395878                  /usr/lib/jvm/java-8-openjdk-amd64/jre/lib/amd64/libnet.so
7f6d108f3000-7f6d108f4000 r--p 00019000 b6:c5221 395878                  /usr/lib/jvm/java-8-openjdk-amd64/jre/lib/amd64/libnet.so
7f6d108f4000-7f6d108f5000 rw-p 0001a000 b6:c5221 395878                  /usr/lib/jvm/java-8-openjdk-amd64/jre/lib/amd64/libnet.so
7f6d108f5000-7f6d108fc000 r--p 00000000 b6:c5221 395879                  /usr/lib/jvm/java-8-openjdk-amd64/jre/lib/amd64/libnio.so
7f6d108fc000-7f6d10905000 r-xp 00007000 b6:c5221 395879                  /usr/lib/jvm/java-8-openjdk-amd64/jre/lib/amd64/libnio.so
7f6d10905000-7f6d10908000 r--p 00010000 b6:c5221 395879                  /usr/lib/jvm/java-8-openjdk-amd64/jre/lib/amd64/libnio.so
7f6d10908000-7f6d10909000 r--p 00012000 b6:c5221 395879                  /usr/lib/jvm/java-8-openjdk-amd64/jre/lib/amd64/libnio.so
7f6d10909000-7f6d1090a000 rw-p 00013000 b6:c5221 395879                  /usr/lib/jvm/java-8-openjdk-amd64/jre/lib/amd64/libnio.so
7f6d1090a000-7f6d10a67000 r--s 015da000 b6:c5221 395549                  /root/eaglercraft-server/server/FlamePaper.jar
7f6d10a67000-7f6d10a71000 r--s 00117000 b6:c5221 395904                  /usr/lib/jvm/java-8-openjdk-amd64/jre/lib/ext/localedata.jar
7f6d10a71000-7f6d10a8c000 r--s 001d6000 b6:c5221 395905                  /usr/lib/jvm/java-8-openjdk-amd64/jre/lib/ext/nashorn.jar
7f6d10a8c000-7f6d10a8f000 r--s 0000f000 b6:c5221 395902                  /usr/lib/jvm/java-8-openjdk-amd64/jre/lib/ext/icedtea-sound.jar
7f6d10a8f000-7f6d10aaa000 r--s 00394000 b6:c5221 395900                  /usr/lib/jvm/java-8-openjdk-amd64/jre/lib/ext/cldrdata.jar
7f6d10aaa000-7f6d10aae000 r--s 00041000 b6:c5221 395908                  /usr/lib/jvm/java-8-openjdk-amd64/jre/lib/ext/sunpkcs11.jar
7f6d10aae000-7f6d10aaf000 r--s 0000a000 b6:c5221 395903                  /usr/lib/jvm/java-8-openjdk-amd64/jre/lib/ext/jaccess.jar
7f6d10aaf000-7f6d10ab1000 r--s 00001000 b6:c5221 395901                  /usr/lib/jvm/java-8-openjdk-amd64/jre/lib/ext/dnsns.jar
7f6d10ab1000-7f6d10ab3000 r--s 00010000 b6:c5221 395909                  /usr/lib/jvm/java-8-openjdk-amd64/jre/lib/ext/zipfs.jar
7f6d10ab3000-7f6d10ab9000 r--s 0003e000 b6:c5221 395907                  /usr/lib/jvm/java-8-openjdk-amd64/jre/lib/ext/sunjce_provider.jar
7f6d10ab9000-7f6d10abb000 r--s 0000c000 b6:c5221 154514                  /usr/share/java/java-atk-wrapper.jar
7f6d10abb000-7f6d10abd000 r--s 00008000 b6:c5221 395906                  /usr/lib/jvm/java-8-openjdk-amd64/jre/lib/ext/sunec.jar
7f6d10abd000-7f6d10abe000 ---p 00000000 00:00 0 
7f6d10abe000-7f6d10bbe000 rw-p 00000000 00:00 0 
7f6d10bbe000-7f6d10bc1000 ---p 00000000 00:00 0 
7f6d10bc1000-7f6d10cbf000 rw-p 00000000 00:00 0 
7f6d10cbf000-7f6d10cc0000 ---p 00000000 00:00 0 
7f6d10cc0000-7f6d10cc3000 ---p 00000000 00:00 0 
7f6d10cc3000-7f6d10dc0000 rw-p 00000000 00:00 0 
7f6d10dc0000-7f6d10dc1000 ---p 00000000 00:00 0 
7f6d10dc1000-7f6d10dc4000 ---p 00000000 00:00 0 
7f6d10dc4000-7f6d10ec1000 rw-p 00000000 00:00 0 
7f6d10ec1000-7f6d10ec8000 r--s 000d3000 b6:c5221 395926                  /usr/lib/jvm/java-8-openjdk-amd64/jre/lib/jfr.jar
7f6d10ec8000-7f6d10ecb000 ---p 00000000 00:00 0 
7f6d10ecb000-7f6d10fc9000 rw-p 00000000 00:00 0 
7f6d10fc9000-7f6d10ffb000 r--p 00000000 b6:c5221 151578                  /usr/lib/locale/C.UTF-8/LC_CTYPE
7f6d10ffb000-7f6d10ffc000 r--p 00000000 b6:c5221 151573                  /usr/lib/locale/C.UTF-8/LC_NUMERIC
7f6d10ffc000-7f6d10ffd000 r--p 00000000 b6:c5221 151579                  /usr/lib/locale/C.UTF-8/LC_TIME
7f6d10ffd000-7f6d11170000 r--p 00000000 b6:c5221 151576                  /usr/lib/locale/C.UTF-8/LC_COLLATE
7f6d11170000-7f6d11171000 r--p 00000000 b6:c5221 151582                  /usr/lib/locale/C.UTF-8/LC_MONETARY
7f6d11171000-7f6d11178000 r--s 00000000 b6:c5221 150613                  /usr/lib/x86_64-linux-gnu/gconv/gconv-modules.cache
7f6d11178000-7f6d1117b000 ---p 00000000 00:00 0 
7f6d1117b000-7f6d11279000 rw-p 00000000 00:00 0 
7f6d11279000-7f6d1127c000 ---p 00000000 00:00 0 
7f6d1127c000-7f6d1137a000 rw-p 00000000 00:00 0 
7f6d1137a000-7f6d1137b000 ---p 00000000 00:00 0 
7f6d1137b000-7f6d114c9000 rw-p 00000000 00:00 0 
7f6d114c9000-7f6d1169b000 r--s 03cbc000 b6:c5221 395933                  /usr/lib/jvm/java-8-openjdk-amd64/jre/lib/rt.jar
7f6d1169b000-7f6d11fe5000 rw-p 00000000 00:00 0 
7f6d11fe5000-7f6d12017000 ---p 00000000 00:00 0 
7f6d12017000-7f6d12054000 rw-p 00000000 00:00 0 
7f6d12054000-7f6d1206c000 ---p 00000000 00:00 0 
7f6d1206c000-7f6d120e5000 rw-p 00000000 00:00 0 
7f6d120e5000-7f6d12117000 ---p 00000000 00:00 0 
7f6d12117000-7f6d121c5000 rw-p 00000000 00:00 0 
7f6d121c5000-7f6d124d8000 ---p 00000000 00:00 0 
7f6d124d8000-7f6d124db000 r--p 00000000 b6:c5221 395886                  /usr/lib/jvm/java-8-openjdk-amd64/jre/lib/amd64/libzip.so
7f6d124db000-7f6d124e0000 r-xp 00003000 b6:c5221 395886                  /usr/lib/jvm/java-8-openjdk-amd64/jre/lib/amd64/libzip.so
7f6d124e0000-7f6d124e2000 r--p 00008000 b6:c5221 395886                  /usr/lib/jvm/java-8-openjdk-amd64/jre/lib/amd64/libzip.so
7f6d124e2000-7f6d124e3000 r--p 00009000 b6:c5221 395886                  /usr/lib/jvm/java-8-openjdk-amd64/jre/lib/amd64/libzip.so
7f6d124e3000-7f6d124e4000 rw-p 0000a000 b6:c5221 395886                  /usr/lib/jvm/java-8-openjdk-amd64/jre/lib/amd64/libzip.so
7f6d124e4000-7f6d124e7000 r--p 00000000 b6:c5221 131325                  /lib/x86_64-linux-gnu/libnss_files-2.31.so
7f6d124e7000-7f6d124ee000 r-xp 00003000 b6:c5221 131325                  /lib/x86_64-linux-gnu/libnss_files-2.31.so
7f6d124ee000-7f6d124f0000 r--p 0000a000 b6:c5221 131325                  /lib/x86_64-linux-gnu/libnss_files-2.31.so
7f6d124f0000-7f6d124f1000 r--p 0000b000 b6:c5221 131325                  /lib/x86_64-linux-gnu/libnss_files-2.31.so
7f6d124f1000-7f6d124f2000 rw-p 0000c000 b6:c5221 131325                  /lib/x86_64-linux-gnu/libnss_files-2.31.so
7f6d124f2000-7f6d124f8000 rw-p 00000000 00:00 0 
7f6d124f8000-7f6d12500000 rw-s 00000000 b6:c5221 396621                  /tmp/hsperfdata_root/39775
7f6d12500000-7f6d1250d000 r--p 00000000 b6:c5221 395867                  /usr/lib/jvm/java-8-openjdk-amd64/jre/lib/amd64/libjava.so
7f6d1250d000-7f6d12525000 r-xp 0000d000 b6:c5221 395867                  /usr/lib/jvm/java-8-openjdk-amd64/jre/lib/amd64/libjava.so
7f6d12525000-7f6d1252c000 r--p 00025000 b6:c5221 395867                  /usr/lib/jvm/java-8-openjdk-amd64/jre/lib/amd64/libjava.so
7f6d1252c000-7f6d1252d000 r--p 0002b000 b6:c5221 395867                  /usr/lib/jvm/java-8-openjdk-amd64/jre/lib/amd64/libjava.so
7f6d1252d000-7f6d1252f000 rw-p 0002c000 b6:c5221 395867                  /usr/lib/jvm/java-8-openjdk-amd64/jre/lib/amd64/libjava.so
7f6d1252f000-7f6d12534000 r--p 00000000 b6:c5221 395885                  /usr/lib/jvm/java-8-openjdk-amd64/jre/lib/amd64/libverify.so
7f6d12534000-7f6d1253d000 r-xp 00005000 b6:c5221 395885                  /usr/lib/jvm/java-8-openjdk-amd64/jre/lib/amd64/libverify.so
7f6d1253d000-7f6d1253f000 r--p 0000e000 b6:c5221 395885                  /usr/lib/jvm/java-8-openjdk-amd64/jre/lib/amd64/libverify.so
7f6d1253f000-7f6d12541000 r--p 0000f000 b6:c5221 395885                  /usr/lib/jvm/java-8-openjdk-amd64/jre/lib/amd64/libverify.so
7f6d12541000-7f6d12542000 rw-p 00011000 b6:c5221 395885                  /usr/lib/jvm/java-8-openjdk-amd64/jre/lib/amd64/libverify.so
7f6d12542000-7f6d12545000 r--p 00000000 b6:c5221 131429                  /lib/x86_64-linux-gnu/librt-2.31.so
7f6d12545000-7f6d12549000 r-xp 00003000 b6:c5221 131429                  /lib/x86_64-linux-gnu/librt-2.31.so
7f6d12549000-7f6d1254a000 r--p 00007000 b6:c5221 131429                  /lib/x86_64-linux-gnu/librt-2.31.so
7f6d1254a000-7f6d1254b000 ---p 00008000 b6:c5221 131429                  /lib/x86_64-linux-gnu/librt-2.31.so
7f6d1254b000-7f6d1254c000 r--p 00008000 b6:c5221 131429                  /lib/x86_64-linux-gnu/librt-2.31.so
7f6d1254c000-7f6d1254d000 rw-p 00009000 b6:c5221 131429                  /lib/x86_64-linux-gnu/librt-2.31.so
7f6d1254d000-7f6d1254e000 ---p 00000000 00:00 0 
7f6d1254e000-7f6d12551000 ---p 00000000 00:00 0 
7f6d12551000-7f6d1264e000 rw-p 00000000 00:00 0 
7f6d1264e000-7f6d12651000 r--p 00000000 b6:c5221 131435                  /lib/x86_64-linux-gnu/libgcc_s.so.1
7f6d12651000-7f6d12663000 r-xp 00003000 b6:c5221 131435                  /lib/x86_64-linux-gnu/libgcc_s.so.1
7f6d12663000-7f6d12667000 r--p 00015000 b6:c5221 131435                  /lib/x86_64-linux-gnu/libgcc_s.so.1
7f6d12667000-7f6d12668000 r--p 00018000 b6:c5221 131435                  /lib/x86_64-linux-gnu/libgcc_s.so.1
7f6d12668000-7f6d12669000 rw-p 00019000 b6:c5221 131435                  /lib/x86_64-linux-gnu/libgcc_s.so.1
7f6d12669000-7f6d12678000 r--p 00000000 b6:c5221 131269                  /lib/x86_64-linux-gnu/libm-2.31.so
7f6d12678000-7f6d1271f000 r-xp 0000f000 b6:c5221 131269                  /lib/x86_64-linux-gnu/libm-2.31.so
7f6d1271f000-7f6d127b6000 r--p 000b6000 b6:c5221 131269                  /lib/x86_64-linux-gnu/libm-2.31.so
7f6d127b6000-7f6d127b7000 r--p 0014c000 b6:c5221 131269                  /lib/x86_64-linux-gnu/libm-2.31.so
7f6d127b7000-7f6d127b8000 rw-p 0014d000 b6:c5221 131269                  /lib/x86_64-linux-gnu/libm-2.31.so
7f6d127b8000-7f6d1284e000 r--p 00000000 b6:c5221 151349                  /usr/lib/x86_64-linux-gnu/libstdc++.so.6.0.28
7f6d1284e000-7f6d1293e000 r-xp 00096000 b6:c5221 151349                  /usr/lib/x86_64-linux-gnu/libstdc++.so.6.0.28
7f6d1293e000-7f6d12987000 r--p 00186000 b6:c5221 151349                  /usr/lib/x86_64-linux-gnu/libstdc++.so.6.0.28
7f6d12987000-7f6d12988000 ---p 001cf000 b6:c5221 151349                  /usr/lib/x86_64-linux-gnu/libstdc++.so.6.0.28
7f6d12988000-7f6d12993000 r--p 001cf000 b6:c5221 151349                  /usr/lib/x86_64-linux-gnu/libstdc++.so.6.0.28
7f6d12993000-7f6d12996000 rw-p 001da000 b6:c5221 151349                  /usr/lib/x86_64-linux-gnu/libstdc++.so.6.0.28
7f6d12996000-7f6d12999000 rw-p 00000000 00:00 0 
7f6d12999000-7f6d12b8e000 r--p 00000000 b6:c5221 395889                  /usr/lib/jvm/java-8-openjdk-amd64/jre/lib/amd64/server/libjvm.so
7f6d12b8e000-7f6d134f5000 r-xp 001f5000 b6:c5221 395889                  /usr/lib/jvm/java-8-openjdk-amd64/jre/lib/amd64/server/libjvm.so
7f6d134f5000-7f6d136a6000 r--p 00b5c000 b6:c5221 395889                  /usr/lib/jvm/java-8-openjdk-amd64/jre/lib/amd64/server/libjvm.so
7f6d136a6000-7f6d136a7000 ---p 00d0d000 b6:c5221 395889                  /usr/lib/jvm/java-8-openjdk-amd64/jre/lib/amd64/server/libjvm.so
7f6d136a7000-7f6d1373d000 r--p 00d0d000 b6:c5221 395889                  /usr/lib/jvm/java-8-openjdk-amd64/jre/lib/amd64/server/libjvm.so
7f6d1373d000-7f6d13766000 rw-p 00da3000 b6:c5221 395889                  /usr/lib/jvm/java-8-openjdk-amd64/jre/lib/amd64/server/libjvm.so
7f6d13766000-7f6d1379b000 rw-p 00000000 00:00 0 
7f6d1379b000-7f6d137a2000 r--p 00000000 b6:c5221 131318                  /lib/x86_64-linux-gnu/libpthread-2.31.so
7f6d137a2000-7f6d137b3000 r-xp 00007000 b6:c5221 131318                  /lib/x86_64-linux-gnu/libpthread-2.31.so
7f6d137b3000-7f6d137b8000 r--p 00018000 b6:c5221 131318                  /lib/x86_64-linux-gnu/libpthread-2.31.so
7f6d137b8000-7f6d137b9000 r--p 0001c000 b6:c5221 131318                  /lib/x86_64-linux-gnu/libpthread-2.31.so
7f6d137b9000-7f6d137ba000 rw-p 0001d000 b6:c5221 131318                  /lib/x86_64-linux-gnu/libpthread-2.31.so
7f6d137ba000-7f6d137be000 rw-p 00000000 00:00 0 
7f6d137be000-7f6d137bf000 r--p 00000000 b6:c5221 131350                  /lib/x86_64-linux-gnu/libdl-2.31.so
7f6d137bf000-7f6d137c1000 r-xp 00001000 b6:c5221 131350                  /lib/x86_64-linux-gnu/libdl-2.31.so
7f6d137c1000-7f6d137c2000 r--p 00003000 b6:c5221 131350                  /lib/x86_64-linux-gnu/libdl-2.31.so
7f6d137c2000-7f6d137c3000 r--p 00003000 b6:c5221 131350                  /lib/x86_64-linux-gnu/libdl-2.31.so
7f6d137c3000-7f6d137c4000 rw-p 00004000 b6:c5221 131350                  /lib/x86_64-linux-gnu/libdl-2.31.so
7f6d137c4000-7f6d137c6000 r--p 00000000 b6:c5221 131432                  /lib/x86_64-linux-gnu/libz.so.1.2.11
7f6d137c6000-7f6d137d7000 r-xp 00002000 b6:c5221 131432                  /lib/x86_64-linux-gnu/libz.so.1.2.11
7f6d137d7000-7f6d137dd000 r--p 00013000 b6:c5221 131432                  /lib/x86_64-linux-gnu/libz.so.1.2.11
7f6d137dd000-7f6d137de000 ---p 00019000 b6:c5221 131432                  /lib/x86_64-linux-gnu/libz.so.1.2.11
7f6d137de000-7f6d137df000 r--p 00019000 b6:c5221 131432                  /lib/x86_64-linux-gnu/libz.so.1.2.11
7f6d137df000-7f6d137e0000 rw-p 0001a000 b6:c5221 131432                  /lib/x86_64-linux-gnu/libz.so.1.2.11
7f6d137e0000-7f6d13805000 r--p 00000000 b6:c5221 131347                  /lib/x86_64-linux-gnu/libc-2.31.so
7f6d13805000-7f6d1397d000 r-xp 00025000 b6:c5221 131347                  /lib/x86_64-linux-gnu/libc-2.31.so
7f6d1397d000-7f6d139c7000 r--p 0019d000 b6:c5221 131347                  /lib/x86_64-linux-gnu/libc-2.31.so
7f6d139c7000-7f6d139c8000 ---p 001e7000 b6:c5221 131347                  /lib/x86_64-linux-gnu/libc-2.31.so
7f6d139c8000-7f6d139cb000 r--p 001e7000 b6:c5221 131347                  /lib/x86_64-linux-gnu/libc-2.31.so
7f6d139cb000-7f6d139ce000 rw-p 001ea000 b6:c5221 131347                  /lib/x86_64-linux-gnu/libc-2.31.so
7f6d139ce000-7f6d139d2000 rw-p 00000000 00:00 0 
7f6d139d2000-7f6d139d3000 r--p 00000000 b6:c5221 151575                  /usr/lib/locale/C.UTF-8/LC_MESSAGES/SYS_LC_MESSAGES
7f6d139d3000-7f6d139d4000 r--p 00000000 b6:c5221 151577                  /usr/lib/locale/C.UTF-8/LC_PAPER
7f6d139d4000-7f6d139d5000 r--p 00000000 b6:c5221 151581                  /usr/lib/locale/C.UTF-8/LC_NAME
7f6d139d5000-7f6d139d6000 r--p 00000000 b6:c5221 151583                  /usr/lib/locale/C.UTF-8/LC_ADDRESS
7f6d139d6000-7f6d139d7000 r--p 00000000 b6:c5221 151585                  /usr/lib/locale/C.UTF-8/LC_TELEPHONE
7f6d139d7000-7f6d139d8000 r--p 00000000 b6:c5221 151584                  /usr/lib/locale/C.UTF-8/LC_MEASUREMENT
7f6d139d8000-7f6d139d9000 r--p 00000000 b6:c5221 151580                  /usr/lib/locale/C.UTF-8/LC_IDENTIFICATION
7f6d139d9000-7f6d139da000 rw-p 00000000 00:00 0 
7f6d139da000-7f6d139dd000 r--p 00000000 b6:c5221 395853                  /usr/lib/jvm/java-8-openjdk-amd64/jre/lib/amd64/jli/libjli.so
7f6d139dd000-7f6d139e7000 r-xp 00003000 b6:c5221 395853                  /usr/lib/jvm/java-8-openjdk-amd64/jre/lib/amd64/jli/libjli.so
7f6d139e7000-7f6d139ea000 r--p 0000d000 b6:c5221 395853                  /usr/lib/jvm/java-8-openjdk-amd64/jre/lib/amd64/jli/libjli.so
7f6d139ea000-7f6d139eb000 r--p 0000f000 b6:c5221 395853                  /usr/lib/jvm/java-8-openjdk-amd64/jre/lib/amd64/jli/libjli.so
7f6d139eb000-7f6d139ec000 rw-p 00010000 b6:c5221 395853                  /usr/lib/jvm/java-8-openjdk-amd64/jre/lib/amd64/jli/libjli.so
7f6d139ec000-7f6d139ee000 rw-p 00000000 00:00 0 
7f6d139ee000-7f6d139ef000 r--p 00000000 b6:c5221 131419                  /lib/x86_64-linux-gnu/ld-2.31.so
7f6d139ef000-7f6d13a12000 r-xp 00001000 b6:c5221 131419                  /lib/x86_64-linux-gnu/ld-2.31.so
7f6d13a12000-7f6d13a1a000 r--p 00024000 b6:c5221 131419                  /lib/x86_64-linux-gnu/ld-2.31.so
7f6d13a1a000-7f6d13a1b000 ---p 00000000 00:00 0 
7f6d13a1b000-7f6d13a1c000 r--p 0002c000 b6:c5221 131419                  /lib/x86_64-linux-gnu/ld-2.31.so
7f6d13a1c000-7f6d13a1d000 rw-p 0002d000 b6:c5221 131419                  /lib/x86_64-linux-gnu/ld-2.31.so
7f6d13a1d000-7f6d13a1e000 rw-p 00000000 00:00 0 
7ffca17bd000-7ffca17de000 rw-p 00000000 00:00 0                          [stack]
7ffca17ee000-7ffca17f0000 r-xp 00000000 00:00 0                          [vdso]
ffffffffff600000-ffffffffff601000 r-xp 00000000 00:00 0                  [vsyscall]

VM Arguments:
jvm_args: -Xmx512M -Xms256M 
java_command: FlamePaper.jar
java_class_path (initial): FlamePaper.jar
Launcher Type: SUN_STANDARD

Environment Variables:
PATH=/usr/local/sbin:/usr/local/bin:/usr/sbin:/usr/bin:/sbin:/bin:/usr/games:/usr/local/games:/snap/bin
SHELL=/bin/bash

Signal Handlers:
SIGSEGV: [libjvm.so+0xb35510], sa_mask[0]=11111111011111111101111111111110, sa_flags=SA_RESTART|SA_SIGINFO
SIGBUS: [libjvm.so+0xb35510], sa_mask[0]=11111111011111111101111111111110, sa_flags=SA_RESTART|SA_SIGINFO
SIGFPE: [libjvm.so+0x979230], sa_mask[0]=11111111011111111101111111111110, sa_flags=SA_RESTART|SA_SIGINFO
SIGPIPE: [libjvm.so+0x979230], sa_mask[0]=11111111011111111101111111111110, sa_flags=SA_RESTART|SA_SIGINFO
SIGXFSZ: [libjvm.so+0x979230], sa_mask[0]=11111111011111111101111111111110, sa_flags=SA_RESTART|SA_SIGINFO
SIGILL: [libjvm.so+0x979230], sa_mask[0]=11111111011111111101111111111110, sa_flags=SA_RESTART|SA_SIGINFO
SIGUSR1: SIG_DFL, sa_mask[0]=00000000000000000000000000000000, sa_flags=none
SIGUSR2: [libjvm.so+0x979560], sa_mask[0]=00000000000000000000000000000000, sa_flags=SA_RESTART|SA_SIGINFO
SIGHUP: [libjvm.so+0x9794b0], sa_mask[0]=11111111011111111101111111111110, sa_flags=SA_RESTART|SA_SIGINFO
SIGINT: [libjvm.so+0x9794b0], sa_mask[0]=11111111011111111101111111111110, sa_flags=SA_RESTART|SA_SIGINFO
SIGTERM: [libjvm.so+0x9794b0], sa_mask[0]=11111111011111111101111111111110, sa_flags=SA_RESTART|SA_SIGINFO
SIGQUIT: [libjvm.so+0x9794b0], sa_mask[0]=11111111011111111101111111111110, sa_flags=SA_RESTART|SA_SIGINFO


---------------  S Y S T E M  ---------------

OS:DISTRIB_ID=Ubuntu
DISTRIB_RELEASE=20.04
DISTRIB_CODENAME=focal
DISTRIB_DESCRIPTION="Ubuntu 20.04.1 LTS"

uname:Linux 3.10.0-1160.53.1.vz7.185.3 #1 SMP Tue Jan 25 12:49:12 MSK 2022 x86_64
libc:glibc 2.31 NPTL 2.31 
rlimit: STACK 8192k, CORE 0k, NPROC 62987, NOFILE 1048576, AS infinity
load average:1.00 0.53 0.35

/proc/meminfo:
MemTotal:         768000 kB
MemFree:              64 kB
MemAvailable:      13812 kB
Cached:             5668 kB
Buffers:               0 kB
Active:           362544 kB
Inactive:         364660 kB
Active(anon):     360376 kB
Inactive(anon):   362136 kB
Active(file):       2168 kB
Inactive(file):     2524 kB
Unevictable:           0 kB
Mlocked:               0 kB
SwapTotal:             0 kB
SwapFree:              0 kB
Dirty:                 0 kB
Writeback:             0 kB
AnonPages:        722512 kB
Shmem:               972 kB
Slab:              24816 kB
SReclaimable:       9056 kB
SUnreclaim:        15760 kB

container (cgroup) information:
container_type: cgroupv1
cpu_cpuset_cpus: 0-11
cpu_memory_nodes: 0
active_processor_count: 1
cpu_quota: 34960
cpu_period: 100000
cpu_shares: -1
memory_limit_in_bytes: 786432000
memory_and_swap_limit_in_bytes: 786432000
memory_soft_limit_in_bytes: -1
memory_usage_in_bytes: 735948800
memory_max_usage_in_bytes: 736174080


CPU:total 1 (initial active 1) (12 cores per cpu, 1 threads per core) family 23 model 113 stepping 0, cmov, cx8, fxsr, mmx, sse, sse2, sse3, ssse3, sse4.1, sse4.2, popcnt, avx, avx2, aes, clmul, mmxext, 3dnowpref, lzcnt, sse4a, tsc, tscinvbit, tscinv, bmi1

/proc/cpuinfo:
processor	: 0
vendor_id	: AuthenticAMD
cpu family	: 23
model		: 113
model name	: AMD Ryzen 5 3600 6-Core Processor
stepping	: 0
microcode	: 0x8701021
cpu MHz		: 1258.593
cache size	: 512 KB
physical id	: 0
siblings	: 12
core id		: 0
cpu cores	: 6
apicid		: 0
initial apicid	: 0
fpu		: yes
fpu_exception	: yes
cpuid level	: 16
wp		: yes
flags		: fpu vme de pse tsc msr pae mce cx8 apic sep mtrr pge mca cmov pat pse36 clflush mmx fxsr sse sse2 ht syscall nx mmxext fxsr_opt pdpe1gb rdtscp lm constant_tsc art rep_good nopl nonstop_tsc extd_apicid aperfmperf eagerfpu pni pclmulqdq monitor ssse3 fma cx16 sse4_1 sse4_2 movbe popcnt aes xsave avx f16c rdrand lahf_lm cmp_legacy svm extapic cr8_legacy abm sse4a misalignsse 3dnowprefetch osvw ibs skinit wdt tce topoext perfctr_core perfctr_nb bpext perfctr_l2 cpb cat_l3 cdp_l3 hw_pstate sme retpoline_amd ssbd ibpb stibp vmmcall fsgsbase bmi1 avx2 smep bmi2 cqm rdt_a rdseed adx smap clflushopt clwb sha_ni xsaveopt xsavec xgetbv1 cqm_llc cqm_occup_llc cqm_mbm_total cqm_mbm_local clzero irperf xsaveerptr arat npt lbrv svm_lock nrip_save tsc_scale vmcb_clean flushbyasid decodeassists pausefilter pfthreshold avic v_vmsave_vmload vgif umip overflow_recov succor smca
bogomips	: 7199.32
TLB size	: 3072 4K pages
clflush size	: 64
cache_alignment	: 64
address sizes	: 43 bits physical, 48 bits virtual
power management: ts ttp tm hwpstate cpb eff_freq_ro [13] [14]



Memory: 4k page, physical 768000k(49300k free), swap 0k(0k free)

vm_info: OpenJDK 64-Bit Server VM (25.352-b08) for linux-amd64 JRE (1.8.0_352-8u352-ga-1~20.04-b08), built on Oct 25 2022 17:26:06 by "buildd" with gcc 9.4.0

time: Fri Jan 20 17:20:58 2023
timezone: EST
elapsed time: 54207.239658 seconds (0d 15h 3m 27s)

